The target system is: Generic -  - 
The host system is: Darwin - 22.4.0 - x86_64
Compiling the C compiler identification source file "CMakeCCompilerId.c" succeeded.
Compiler: /Users/uiuan/.espressif/tools/xtensa-esp32s2-elf/esp-2022r1-11.2.0/xtensa-esp32s2-elf/bin/xtensa-esp32s2-elf-gcc 
Build flags: -mlongcalls;
Id flags:  

The output was:
0


Compilation of the C compiler identification source "CMakeCCompilerId.c" produced "a.out"

The C compiler identification is GNU, found in "/Users/uiuan/dev/esp-homekit-sdk/examples/esp32_homekit_lightbulb/build/bootloader/CMakeFiles/3.24.0/CompilerIdC/a.out"

Compiling the CXX compiler identification source file "CMakeCXXCompilerId.cpp" succeeded.
Compiler: /Users/uiuan/.espressif/tools/xtensa-esp32s2-elf/esp-2022r1-11.2.0/xtensa-esp32s2-elf/bin/xtensa-esp32s2-elf-g++ 
Build flags: -mlongcalls;
Id flags:  

The output was:
0


Compilation of the CXX compiler identification source "CMakeCXXCompilerId.cpp" produced "a.out"

The CXX compiler identification is GNU, found in "/Users/uiuan/dev/esp-homekit-sdk/examples/esp32_homekit_lightbulb/build/bootloader/CMakeFiles/3.24.0/CompilerIdCXX/a.out"

Checking whether the ASM compiler is GNU using "--version" matched "(GNU assembler)|(GCC)|(Free Software Foundation)":
xtensa-esp32s2-elf-gcc (crosstool-NG esp-2022r1) 11.2.0
Copyright (C) 2021 Free Software Foundation, Inc.
This is free software; see the source for copying conditions.  There is NO
warranty; not even for MERCHANTABILITY or FITNESS FOR A PARTICULAR PURPOSE.

Detecting C compiler ABI info compiled with the following output:
Change Dir: /Users/uiuan/dev/esp-homekit-sdk/examples/esp32_homekit_lightbulb/build/bootloader/CMakeFiles/CMakeTmp

Run Build Command(s):/Users/uiuan/.espressif/tools/ninja/1.10.2/ninja cmTC_3fd07 && [1/2] Building C object CMakeFiles/cmTC_3fd07.dir/CMakeCCompilerABI.c.obj
Using built-in specs.
COLLECT_GCC=/Users/uiuan/.espressif/tools/xtensa-esp32s2-elf/esp-2022r1-11.2.0/xtensa-esp32s2-elf/bin/xtensa-esp32s2-elf-gcc
Target: xtensa-esp32s2-elf
Configured with: /builds/idf/crosstool-NG/.build/HOST-x86_64-apple-darwin12/xtensa-esp32s2-elf/src/gcc/configure --build=x86_64-build_pc-linux-gnu --host=x86_64-host_apple-darwin12 --target=xtensa-esp32s2-elf --prefix=/builds/idf/crosstool-NG/builds/xtensa-esp32s2-elf --exec_prefix=/builds/idf/crosstool-NG/builds/xtensa-esp32s2-elf --with-local-prefix=/builds/idf/crosstool-NG/builds/xtensa-esp32s2-elf/xtensa-esp32s2-elf --with-headers=/builds/idf/crosstool-NG/builds/xtensa-esp32s2-elf/xtensa-esp32s2-elf/include --with-newlib --enable-threads=no --disable-shared --with-pkgversion='crosstool-NG esp-2022r1' --disable-__cxa_atexit --enable-cxx-flags=-ffunction-sections --disable-libgomp --disable-libmudflap --disable-libmpx --disable-libssp --disable-libquadmath --disable-libquadmath-support --disable-libstdcxx-verbose --with-gmp=/builds/idf/crosstool-NG/.build/HOST-x86_64-apple-darwin12/xtensa-esp32s2-elf/buildtools/complibs-host --with-mpfr=/builds/idf/crosstool-NG/.build/HOST-x86_64-apple-darwin12/xtensa-esp32s2-elf/buildtools/complibs-host --with-mpc=/builds/idf/crosstool-NG/.build/HOST-x86_64-apple-darwin12/xtensa-esp32s2-elf/buildtools/complibs-host --with-isl=/builds/idf/crosstool-NG/.build/HOST-x86_64-apple-darwin12/xtensa-esp32s2-elf/buildtools/complibs-host --enable-lto --enable-target-optspace --without-long-double-128 --disable-nls --enable-multiarch --enable-languages=c,c++ --disable-libstdcxx-verbose --enable-threads=posix --enable-gcov-custom-rtio --enable-libstdcxx-time=yes
Thread model: posix
Supported LTO compression algorithms: zlib
gcc version 11.2.0 (crosstool-NG esp-2022r1) 
COLLECT_GCC_OPTIONS='-mlongcalls' '-v' '-o' 'CMakeFiles/cmTC_3fd07.dir/CMakeCCompilerABI.c.obj' '-c' '-dumpdir' 'CMakeFiles/cmTC_3fd07.dir/'
 /Users/uiuan/.espressif/tools/xtensa-esp32s2-elf/esp-2022r1-11.2.0/xtensa-esp32s2-elf/bin/../libexec/gcc/xtensa-esp32s2-elf/11.2.0/cc1 -quiet -v -iprefix /Users/uiuan/.espressif/tools/xtensa-esp32s2-elf/esp-2022r1-11.2.0/xtensa-esp32s2-elf/bin/../lib/gcc/xtensa-esp32s2-elf/11.2.0/ /Users/uiuan/.espressif/tools/cmake/3.24.0/CMake.app/Contents/share/cmake-3.24/Modules/CMakeCCompilerABI.c -quiet -dumpdir CMakeFiles/cmTC_3fd07.dir/ -dumpbase CMakeCCompilerABI.c.c -dumpbase-ext .c -mlongcalls -version -o /var/folders/kw/8rj1bz_90zn1p71kg_nj91h80000gn/T//ccTEBx2R.s
GNU C17 (crosstool-NG esp-2022r1) version 11.2.0 (xtensa-esp32s2-elf)
	compiled by GNU C version 8.3.0, GMP version 6.2.1, MPFR version 4.1.0, MPC version 1.2.1, isl version isl-0.24-GMP

GGC heuristics: --param ggc-min-expand=100 --param ggc-min-heapsize=131072
ignoring duplicate directory "/Users/uiuan/.espressif/tools/xtensa-esp32s2-elf/esp-2022r1-11.2.0/xtensa-esp32s2-elf/bin/../lib/gcc/../../lib/gcc/xtensa-esp32s2-elf/11.2.0/include"
ignoring duplicate directory "/Users/uiuan/.espressif/tools/xtensa-esp32s2-elf/esp-2022r1-11.2.0/xtensa-esp32s2-elf/bin/../lib/gcc/../../lib/gcc/xtensa-esp32s2-elf/11.2.0/include-fixed"
ignoring duplicate directory "/Users/uiuan/.espressif/tools/xtensa-esp32s2-elf/esp-2022r1-11.2.0/xtensa-esp32s2-elf/bin/../lib/gcc/../../lib/gcc/xtensa-esp32s2-elf/11.2.0/../../../../xtensa-esp32s2-elf/sys-include"
ignoring duplicate directory "/Users/uiuan/.espressif/tools/xtensa-esp32s2-elf/esp-2022r1-11.2.0/xtensa-esp32s2-elf/bin/../lib/gcc/../../lib/gcc/xtensa-esp32s2-elf/11.2.0/../../../../xtensa-esp32s2-elf/include"
#include "..." search starts here:
#include <...> search starts here:
 /Users/uiuan/.espressif/tools/xtensa-esp32s2-elf/esp-2022r1-11.2.0/xtensa-esp32s2-elf/bin/../lib/gcc/xtensa-esp32s2-elf/11.2.0/include
 /Users/uiuan/.espressif/tools/xtensa-esp32s2-elf/esp-2022r1-11.2.0/xtensa-esp32s2-elf/bin/../lib/gcc/xtensa-esp32s2-elf/11.2.0/include-fixed
 /Users/uiuan/.espressif/tools/xtensa-esp32s2-elf/esp-2022r1-11.2.0/xtensa-esp32s2-elf/bin/../lib/gcc/xtensa-esp32s2-elf/11.2.0/../../../../xtensa-esp32s2-elf/sys-include
 /Users/uiuan/.espressif/tools/xtensa-esp32s2-elf/esp-2022r1-11.2.0/xtensa-esp32s2-elf/bin/../lib/gcc/xtensa-esp32s2-elf/11.2.0/../../../../xtensa-esp32s2-elf/include
End of search list.
GNU C17 (crosstool-NG esp-2022r1) version 11.2.0 (xtensa-esp32s2-elf)
	compiled by GNU C version 8.3.0, GMP version 6.2.1, MPFR version 4.1.0, MPC version 1.2.1, isl version isl-0.24-GMP

GGC heuristics: --param ggc-min-expand=100 --param ggc-min-heapsize=131072
Compiler executable checksum: 515e5b224bdf0e730a796a63cc7907df
COLLECT_GCC_OPTIONS='-mlongcalls' '-v' '-o' 'CMakeFiles/cmTC_3fd07.dir/CMakeCCompilerABI.c.obj' '-c' '-dumpdir' 'CMakeFiles/cmTC_3fd07.dir/'
 /Users/uiuan/.espressif/tools/xtensa-esp32s2-elf/esp-2022r1-11.2.0/xtensa-esp32s2-elf/bin/../lib/gcc/xtensa-esp32s2-elf/11.2.0/../../../../xtensa-esp32s2-elf/bin/as --traditional-format --longcalls -o CMakeFiles/cmTC_3fd07.dir/CMakeCCompilerABI.c.obj /var/folders/kw/8rj1bz_90zn1p71kg_nj91h80000gn/T//ccTEBx2R.s
COMPILER_PATH=/Users/uiuan/.espressif/tools/xtensa-esp32s2-elf/esp-2022r1-11.2.0/xtensa-esp32s2-elf/bin/../libexec/gcc/xtensa-esp32s2-elf/11.2.0/:/Users/uiuan/.espressif/tools/xtensa-esp32s2-elf/esp-2022r1-11.2.0/xtensa-esp32s2-elf/bin/../libexec/gcc/:/Users/uiuan/.espressif/tools/xtensa-esp32s2-elf/esp-2022r1-11.2.0/xtensa-esp32s2-elf/bin/../lib/gcc/xtensa-esp32s2-elf/11.2.0/../../../../xtensa-esp32s2-elf/bin/
LIBRARY_PATH=/Users/uiuan/.espressif/tools/xtensa-esp32s2-elf/esp-2022r1-11.2.0/xtensa-esp32s2-elf/bin/../lib/gcc/xtensa-esp32s2-elf/11.2.0/:/Users/uiuan/.espressif/tools/xtensa-esp32s2-elf/esp-2022r1-11.2.0/xtensa-esp32s2-elf/bin/../lib/gcc/:/Users/uiuan/.espressif/tools/xtensa-esp32s2-elf/esp-2022r1-11.2.0/xtensa-esp32s2-elf/bin/../lib/gcc/xtensa-esp32s2-elf/11.2.0/../../../../xtensa-esp32s2-elf/lib/
COLLECT_GCC_OPTIONS='-mlongcalls' '-v' '-o' 'CMakeFiles/cmTC_3fd07.dir/CMakeCCompilerABI.c.obj' '-c' '-dumpdir' 'CMakeFiles/cmTC_3fd07.dir/CMakeCCompilerABI.c.'
[2/2] Linking C executable cmTC_3fd07
Using built-in specs.
COLLECT_GCC=/Users/uiuan/.espressif/tools/xtensa-esp32s2-elf/esp-2022r1-11.2.0/xtensa-esp32s2-elf/bin/xtensa-esp32s2-elf-gcc
COLLECT_LTO_WRAPPER=/Users/uiuan/.espressif/tools/xtensa-esp32s2-elf/esp-2022r1-11.2.0/xtensa-esp32s2-elf/bin/../libexec/gcc/xtensa-esp32s2-elf/11.2.0/lto-wrapper
Target: xtensa-esp32s2-elf
Configured with: /builds/idf/crosstool-NG/.build/HOST-x86_64-apple-darwin12/xtensa-esp32s2-elf/src/gcc/configure --build=x86_64-build_pc-linux-gnu --host=x86_64-host_apple-darwin12 --target=xtensa-esp32s2-elf --prefix=/builds/idf/crosstool-NG/builds/xtensa-esp32s2-elf --exec_prefix=/builds/idf/crosstool-NG/builds/xtensa-esp32s2-elf --with-local-prefix=/builds/idf/crosstool-NG/builds/xtensa-esp32s2-elf/xtensa-esp32s2-elf --with-headers=/builds/idf/crosstool-NG/builds/xtensa-esp32s2-elf/xtensa-esp32s2-elf/include --with-newlib --enable-threads=no --disable-shared --with-pkgversion='crosstool-NG esp-2022r1' --disable-__cxa_atexit --enable-cxx-flags=-ffunction-sections --disable-libgomp --disable-libmudflap --disable-libmpx --disable-libssp --disable-libquadmath --disable-libquadmath-support --disable-libstdcxx-verbose --with-gmp=/builds/idf/crosstool-NG/.build/HOST-x86_64-apple-darwin12/xtensa-esp32s2-elf/buildtools/complibs-host --with-mpfr=/builds/idf/crosstool-NG/.build/HOST-x86_64-apple-darwin12/xtensa-esp32s2-elf/buildtools/complibs-host --with-mpc=/builds/idf/crosstool-NG/.build/HOST-x86_64-apple-darwin12/xtensa-esp32s2-elf/buildtools/complibs-host --with-isl=/builds/idf/crosstool-NG/.build/HOST-x86_64-apple-darwin12/xtensa-esp32s2-elf/buildtools/complibs-host --enable-lto --enable-target-optspace --without-long-double-128 --disable-nls --enable-multiarch --enable-languages=c,c++ --disable-libstdcxx-verbose --enable-threads=posix --enable-gcov-custom-rtio --enable-libstdcxx-time=yes
Thread model: posix
Supported LTO compression algorithms: zlib
gcc version 11.2.0 (crosstool-NG esp-2022r1) 
COMPILER_PATH=/Users/uiuan/.espressif/tools/xtensa-esp32s2-elf/esp-2022r1-11.2.0/xtensa-esp32s2-elf/bin/../libexec/gcc/xtensa-esp32s2-elf/11.2.0/:/Users/uiuan/.espressif/tools/xtensa-esp32s2-elf/esp-2022r1-11.2.0/xtensa-esp32s2-elf/bin/../libexec/gcc/:/Users/uiuan/.espressif/tools/xtensa-esp32s2-elf/esp-2022r1-11.2.0/xtensa-esp32s2-elf/bin/../lib/gcc/xtensa-esp32s2-elf/11.2.0/../../../../xtensa-esp32s2-elf/bin/
LIBRARY_PATH=/Users/uiuan/.espressif/tools/xtensa-esp32s2-elf/esp-2022r1-11.2.0/xtensa-esp32s2-elf/bin/../lib/gcc/xtensa-esp32s2-elf/11.2.0/:/Users/uiuan/.espressif/tools/xtensa-esp32s2-elf/esp-2022r1-11.2.0/xtensa-esp32s2-elf/bin/../lib/gcc/:/Users/uiuan/.espressif/tools/xtensa-esp32s2-elf/esp-2022r1-11.2.0/xtensa-esp32s2-elf/bin/../lib/gcc/xtensa-esp32s2-elf/11.2.0/../../../../xtensa-esp32s2-elf/lib/
COLLECT_GCC_OPTIONS='-mlongcalls' '-v' '-o' 'cmTC_3fd07' '-dumpdir' 'cmTC_3fd07.'
 /Users/uiuan/.espressif/tools/xtensa-esp32s2-elf/esp-2022r1-11.2.0/xtensa-esp32s2-elf/bin/../libexec/gcc/xtensa-esp32s2-elf/11.2.0/collect2 -plugin /Users/uiuan/.espressif/tools/xtensa-esp32s2-elf/esp-2022r1-11.2.0/xtensa-esp32s2-elf/bin/../libexec/gcc/xtensa-esp32s2-elf/11.2.0/liblto_plugin.so -plugin-opt=/Users/uiuan/.espressif/tools/xtensa-esp32s2-elf/esp-2022r1-11.2.0/xtensa-esp32s2-elf/bin/../libexec/gcc/xtensa-esp32s2-elf/11.2.0/lto-wrapper -plugin-opt=-fresolution=/var/folders/kw/8rj1bz_90zn1p71kg_nj91h80000gn/T//ccszTilk.res -plugin-opt=-pass-through=-lgcc -plugin-opt=-pass-through=-lc -plugin-opt=-pass-through=-lnosys -plugin-opt=-pass-through=-lc -plugin-opt=-pass-through=-lgcc -o cmTC_3fd07 /Users/uiuan/.espressif/tools/xtensa-esp32s2-elf/esp-2022r1-11.2.0/xtensa-esp32s2-elf/bin/../lib/gcc/xtensa-esp32s2-elf/11.2.0/../../../../xtensa-esp32s2-elf/lib/crt0.o /Users/uiuan/.espressif/tools/xtensa-esp32s2-elf/esp-2022r1-11.2.0/xtensa-esp32s2-elf/bin/../lib/gcc/xtensa-esp32s2-elf/11.2.0/crti.o /Users/uiuan/.espressif/tools/xtensa-esp32s2-elf/esp-2022r1-11.2.0/xtensa-esp32s2-elf/bin/../lib/gcc/xtensa-esp32s2-elf/11.2.0/crtbegin.o -L/Users/uiuan/.espressif/tools/xtensa-esp32s2-elf/esp-2022r1-11.2.0/xtensa-esp32s2-elf/bin/../lib/gcc/xtensa-esp32s2-elf/11.2.0 -L/Users/uiuan/.espressif/tools/xtensa-esp32s2-elf/esp-2022r1-11.2.0/xtensa-esp32s2-elf/bin/../lib/gcc -L/Users/uiuan/.espressif/tools/xtensa-esp32s2-elf/esp-2022r1-11.2.0/xtensa-esp32s2-elf/bin/../lib/gcc/xtensa-esp32s2-elf/11.2.0/../../../../xtensa-esp32s2-elf/lib CMakeFiles/cmTC_3fd07.dir/CMakeCCompilerABI.c.obj -lgcc -lc -lnosys -lc -lgcc /Users/uiuan/.espressif/tools/xtensa-esp32s2-elf/esp-2022r1-11.2.0/xtensa-esp32s2-elf/bin/../lib/gcc/xtensa-esp32s2-elf/11.2.0/crtend.o /Users/uiuan/.espressif/tools/xtensa-esp32s2-elf/esp-2022r1-11.2.0/xtensa-esp32s2-elf/bin/../lib/gcc/xtensa-esp32s2-elf/11.2.0/crtn.o
COLLECT_GCC_OPTIONS='-mlongcalls' '-v' '-o' 'cmTC_3fd07' '-dumpdir' 'cmTC_3fd07.'



Parsed C implicit include dir info from above output: rv=done
  found start of include info
  found start of implicit include info
    add: [/Users/uiuan/.espressif/tools/xtensa-esp32s2-elf/esp-2022r1-11.2.0/xtensa-esp32s2-elf/bin/../lib/gcc/xtensa-esp32s2-elf/11.2.0/include]
    add: [/Users/uiuan/.espressif/tools/xtensa-esp32s2-elf/esp-2022r1-11.2.0/xtensa-esp32s2-elf/bin/../lib/gcc/xtensa-esp32s2-elf/11.2.0/include-fixed]
    add: [/Users/uiuan/.espressif/tools/xtensa-esp32s2-elf/esp-2022r1-11.2.0/xtensa-esp32s2-elf/bin/../lib/gcc/xtensa-esp32s2-elf/11.2.0/../../../../xtensa-esp32s2-elf/sys-include]
    add: [/Users/uiuan/.espressif/tools/xtensa-esp32s2-elf/esp-2022r1-11.2.0/xtensa-esp32s2-elf/bin/../lib/gcc/xtensa-esp32s2-elf/11.2.0/../../../../xtensa-esp32s2-elf/include]
  end of search list found
  collapse include dir [/Users/uiuan/.espressif/tools/xtensa-esp32s2-elf/esp-2022r1-11.2.0/xtensa-esp32s2-elf/bin/../lib/gcc/xtensa-esp32s2-elf/11.2.0/include] ==> [/Users/uiuan/.espressif/tools/xtensa-esp32s2-elf/esp-2022r1-11.2.0/xtensa-esp32s2-elf/lib/gcc/xtensa-esp32s2-elf/11.2.0/include]
  collapse include dir [/Users/uiuan/.espressif/tools/xtensa-esp32s2-elf/esp-2022r1-11.2.0/xtensa-esp32s2-elf/bin/../lib/gcc/xtensa-esp32s2-elf/11.2.0/include-fixed] ==> [/Users/uiuan/.espressif/tools/xtensa-esp32s2-elf/esp-2022r1-11.2.0/xtensa-esp32s2-elf/lib/gcc/xtensa-esp32s2-elf/11.2.0/include-fixed]
  collapse include dir [/Users/uiuan/.espressif/tools/xtensa-esp32s2-elf/esp-2022r1-11.2.0/xtensa-esp32s2-elf/bin/../lib/gcc/xtensa-esp32s2-elf/11.2.0/../../../../xtensa-esp32s2-elf/sys-include] ==> [/Users/uiuan/.espressif/tools/xtensa-esp32s2-elf/esp-2022r1-11.2.0/xtensa-esp32s2-elf/xtensa-esp32s2-elf/sys-include]
  collapse include dir [/Users/uiuan/.espressif/tools/xtensa-esp32s2-elf/esp-2022r1-11.2.0/xtensa-esp32s2-elf/bin/../lib/gcc/xtensa-esp32s2-elf/11.2.0/../../../../xtensa-esp32s2-elf/include] ==> [/Users/uiuan/.espressif/tools/xtensa-esp32s2-elf/esp-2022r1-11.2.0/xtensa-esp32s2-elf/xtensa-esp32s2-elf/include]
  implicit include dirs: [/Users/uiuan/.espressif/tools/xtensa-esp32s2-elf/esp-2022r1-11.2.0/xtensa-esp32s2-elf/lib/gcc/xtensa-esp32s2-elf/11.2.0/include;/Users/uiuan/.espressif/tools/xtensa-esp32s2-elf/esp-2022r1-11.2.0/xtensa-esp32s2-elf/lib/gcc/xtensa-esp32s2-elf/11.2.0/include-fixed;/Users/uiuan/.espressif/tools/xtensa-esp32s2-elf/esp-2022r1-11.2.0/xtensa-esp32s2-elf/xtensa-esp32s2-elf/sys-include;/Users/uiuan/.espressif/tools/xtensa-esp32s2-elf/esp-2022r1-11.2.0/xtensa-esp32s2-elf/xtensa-esp32s2-elf/include]


Parsed C implicit link information from above output:
  link line regex: [^( *|.*[/\])(xtensa-esp32s2-elf-ld|CMAKE_LINK_STARTFILE-NOTFOUND|([^/\]+-)?ld|collect2)[^/\]*( |$)]
  ignore line: [Change Dir: /Users/uiuan/dev/esp-homekit-sdk/examples/esp32_homekit_lightbulb/build/bootloader/CMakeFiles/CMakeTmp]
  ignore line: []
  ignore line: [Run Build Command(s):/Users/uiuan/.espressif/tools/ninja/1.10.2/ninja cmTC_3fd07 && [1/2] Building C object CMakeFiles/cmTC_3fd07.dir/CMakeCCompilerABI.c.obj]
  ignore line: [Using built-in specs.]
  ignore line: [COLLECT_GCC=/Users/uiuan/.espressif/tools/xtensa-esp32s2-elf/esp-2022r1-11.2.0/xtensa-esp32s2-elf/bin/xtensa-esp32s2-elf-gcc]
  ignore line: [Target: xtensa-esp32s2-elf]
  ignore line: [Configured with: /builds/idf/crosstool-NG/.build/HOST-x86_64-apple-darwin12/xtensa-esp32s2-elf/src/gcc/configure --build=x86_64-build_pc-linux-gnu --host=x86_64-host_apple-darwin12 --target=xtensa-esp32s2-elf --prefix=/builds/idf/crosstool-NG/builds/xtensa-esp32s2-elf --exec_prefix=/builds/idf/crosstool-NG/builds/xtensa-esp32s2-elf --with-local-prefix=/builds/idf/crosstool-NG/builds/xtensa-esp32s2-elf/xtensa-esp32s2-elf --with-headers=/builds/idf/crosstool-NG/builds/xtensa-esp32s2-elf/xtensa-esp32s2-elf/include --with-newlib --enable-threads=no --disable-shared --with-pkgversion='crosstool-NG esp-2022r1' --disable-__cxa_atexit --enable-cxx-flags=-ffunction-sections --disable-libgomp --disable-libmudflap --disable-libmpx --disable-libssp --disable-libquadmath --disable-libquadmath-support --disable-libstdcxx-verbose --with-gmp=/builds/idf/crosstool-NG/.build/HOST-x86_64-apple-darwin12/xtensa-esp32s2-elf/buildtools/complibs-host --with-mpfr=/builds/idf/crosstool-NG/.build/HOST-x86_64-apple-darwin12/xtensa-esp32s2-elf/buildtools/complibs-host --with-mpc=/builds/idf/crosstool-NG/.build/HOST-x86_64-apple-darwin12/xtensa-esp32s2-elf/buildtools/complibs-host --with-isl=/builds/idf/crosstool-NG/.build/HOST-x86_64-apple-darwin12/xtensa-esp32s2-elf/buildtools/complibs-host --enable-lto --enable-target-optspace --without-long-double-128 --disable-nls --enable-multiarch --enable-languages=c c++ --disable-libstdcxx-verbose --enable-threads=posix --enable-gcov-custom-rtio --enable-libstdcxx-time=yes]
  ignore line: [Thread model: posix]
  ignore line: [Supported LTO compression algorithms: zlib]
  ignore line: [gcc version 11.2.0 (crosstool-NG esp-2022r1) ]
  ignore line: [COLLECT_GCC_OPTIONS='-mlongcalls' '-v' '-o' 'CMakeFiles/cmTC_3fd07.dir/CMakeCCompilerABI.c.obj' '-c' '-dumpdir' 'CMakeFiles/cmTC_3fd07.dir/']
  ignore line: [ /Users/uiuan/.espressif/tools/xtensa-esp32s2-elf/esp-2022r1-11.2.0/xtensa-esp32s2-elf/bin/../libexec/gcc/xtensa-esp32s2-elf/11.2.0/cc1 -quiet -v -iprefix /Users/uiuan/.espressif/tools/xtensa-esp32s2-elf/esp-2022r1-11.2.0/xtensa-esp32s2-elf/bin/../lib/gcc/xtensa-esp32s2-elf/11.2.0/ /Users/uiuan/.espressif/tools/cmake/3.24.0/CMake.app/Contents/share/cmake-3.24/Modules/CMakeCCompilerABI.c -quiet -dumpdir CMakeFiles/cmTC_3fd07.dir/ -dumpbase CMakeCCompilerABI.c.c -dumpbase-ext .c -mlongcalls -version -o /var/folders/kw/8rj1bz_90zn1p71kg_nj91h80000gn/T//ccTEBx2R.s]
  ignore line: [GNU C17 (crosstool-NG esp-2022r1) version 11.2.0 (xtensa-esp32s2-elf)]
  ignore line: [	compiled by GNU C version 8.3.0  GMP version 6.2.1  MPFR version 4.1.0  MPC version 1.2.1  isl version isl-0.24-GMP]
  ignore line: []
  ignore line: [GGC heuristics: --param ggc-min-expand=100 --param ggc-min-heapsize=131072]
  ignore line: [ignoring duplicate directory "/Users/uiuan/.espressif/tools/xtensa-esp32s2-elf/esp-2022r1-11.2.0/xtensa-esp32s2-elf/bin/../lib/gcc/../../lib/gcc/xtensa-esp32s2-elf/11.2.0/include"]
  ignore line: [ignoring duplicate directory "/Users/uiuan/.espressif/tools/xtensa-esp32s2-elf/esp-2022r1-11.2.0/xtensa-esp32s2-elf/bin/../lib/gcc/../../lib/gcc/xtensa-esp32s2-elf/11.2.0/include-fixed"]
  ignore line: [ignoring duplicate directory "/Users/uiuan/.espressif/tools/xtensa-esp32s2-elf/esp-2022r1-11.2.0/xtensa-esp32s2-elf/bin/../lib/gcc/../../lib/gcc/xtensa-esp32s2-elf/11.2.0/../../../../xtensa-esp32s2-elf/sys-include"]
  ignore line: [ignoring duplicate directory "/Users/uiuan/.espressif/tools/xtensa-esp32s2-elf/esp-2022r1-11.2.0/xtensa-esp32s2-elf/bin/../lib/gcc/../../lib/gcc/xtensa-esp32s2-elf/11.2.0/../../../../xtensa-esp32s2-elf/include"]
  ignore line: [#include "..." search starts here:]
  ignore line: [#include <...> search starts here:]
  ignore line: [ /Users/uiuan/.espressif/tools/xtensa-esp32s2-elf/esp-2022r1-11.2.0/xtensa-esp32s2-elf/bin/../lib/gcc/xtensa-esp32s2-elf/11.2.0/include]
  ignore line: [ /Users/uiuan/.espressif/tools/xtensa-esp32s2-elf/esp-2022r1-11.2.0/xtensa-esp32s2-elf/bin/../lib/gcc/xtensa-esp32s2-elf/11.2.0/include-fixed]
  ignore line: [ /Users/uiuan/.espressif/tools/xtensa-esp32s2-elf/esp-2022r1-11.2.0/xtensa-esp32s2-elf/bin/../lib/gcc/xtensa-esp32s2-elf/11.2.0/../../../../xtensa-esp32s2-elf/sys-include]
  ignore line: [ /Users/uiuan/.espressif/tools/xtensa-esp32s2-elf/esp-2022r1-11.2.0/xtensa-esp32s2-elf/bin/../lib/gcc/xtensa-esp32s2-elf/11.2.0/../../../../xtensa-esp32s2-elf/include]
  ignore line: [End of search list.]
  ignore line: [GNU C17 (crosstool-NG esp-2022r1) version 11.2.0 (xtensa-esp32s2-elf)]
  ignore line: [	compiled by GNU C version 8.3.0  GMP version 6.2.1  MPFR version 4.1.0  MPC version 1.2.1  isl version isl-0.24-GMP]
  ignore line: []
  ignore line: [GGC heuristics: --param ggc-min-expand=100 --param ggc-min-heapsize=131072]
  ignore line: [Compiler executable checksum: 515e5b224bdf0e730a796a63cc7907df]
  ignore line: [COLLECT_GCC_OPTIONS='-mlongcalls' '-v' '-o' 'CMakeFiles/cmTC_3fd07.dir/CMakeCCompilerABI.c.obj' '-c' '-dumpdir' 'CMakeFiles/cmTC_3fd07.dir/']
  ignore line: [ /Users/uiuan/.espressif/tools/xtensa-esp32s2-elf/esp-2022r1-11.2.0/xtensa-esp32s2-elf/bin/../lib/gcc/xtensa-esp32s2-elf/11.2.0/../../../../xtensa-esp32s2-elf/bin/as --traditional-format --longcalls -o CMakeFiles/cmTC_3fd07.dir/CMakeCCompilerABI.c.obj /var/folders/kw/8rj1bz_90zn1p71kg_nj91h80000gn/T//ccTEBx2R.s]
  ignore line: [COMPILER_PATH=/Users/uiuan/.espressif/tools/xtensa-esp32s2-elf/esp-2022r1-11.2.0/xtensa-esp32s2-elf/bin/../libexec/gcc/xtensa-esp32s2-elf/11.2.0/:/Users/uiuan/.espressif/tools/xtensa-esp32s2-elf/esp-2022r1-11.2.0/xtensa-esp32s2-elf/bin/../libexec/gcc/:/Users/uiuan/.espressif/tools/xtensa-esp32s2-elf/esp-2022r1-11.2.0/xtensa-esp32s2-elf/bin/../lib/gcc/xtensa-esp32s2-elf/11.2.0/../../../../xtensa-esp32s2-elf/bin/]
  ignore line: [LIBRARY_PATH=/Users/uiuan/.espressif/tools/xtensa-esp32s2-elf/esp-2022r1-11.2.0/xtensa-esp32s2-elf/bin/../lib/gcc/xtensa-esp32s2-elf/11.2.0/:/Users/uiuan/.espressif/tools/xtensa-esp32s2-elf/esp-2022r1-11.2.0/xtensa-esp32s2-elf/bin/../lib/gcc/:/Users/uiuan/.espressif/tools/xtensa-esp32s2-elf/esp-2022r1-11.2.0/xtensa-esp32s2-elf/bin/../lib/gcc/xtensa-esp32s2-elf/11.2.0/../../../../xtensa-esp32s2-elf/lib/]
  ignore line: [COLLECT_GCC_OPTIONS='-mlongcalls' '-v' '-o' 'CMakeFiles/cmTC_3fd07.dir/CMakeCCompilerABI.c.obj' '-c' '-dumpdir' 'CMakeFiles/cmTC_3fd07.dir/CMakeCCompilerABI.c.']
  ignore line: [[2/2] Linking C executable cmTC_3fd07]
  ignore line: [Using built-in specs.]
  ignore line: [COLLECT_GCC=/Users/uiuan/.espressif/tools/xtensa-esp32s2-elf/esp-2022r1-11.2.0/xtensa-esp32s2-elf/bin/xtensa-esp32s2-elf-gcc]
  ignore line: [COLLECT_LTO_WRAPPER=/Users/uiuan/.espressif/tools/xtensa-esp32s2-elf/esp-2022r1-11.2.0/xtensa-esp32s2-elf/bin/../libexec/gcc/xtensa-esp32s2-elf/11.2.0/lto-wrapper]
  ignore line: [Target: xtensa-esp32s2-elf]
  ignore line: [Configured with: /builds/idf/crosstool-NG/.build/HOST-x86_64-apple-darwin12/xtensa-esp32s2-elf/src/gcc/configure --build=x86_64-build_pc-linux-gnu --host=x86_64-host_apple-darwin12 --target=xtensa-esp32s2-elf --prefix=/builds/idf/crosstool-NG/builds/xtensa-esp32s2-elf --exec_prefix=/builds/idf/crosstool-NG/builds/xtensa-esp32s2-elf --with-local-prefix=/builds/idf/crosstool-NG/builds/xtensa-esp32s2-elf/xtensa-esp32s2-elf --with-headers=/builds/idf/crosstool-NG/builds/xtensa-esp32s2-elf/xtensa-esp32s2-elf/include --with-newlib --enable-threads=no --disable-shared --with-pkgversion='crosstool-NG esp-2022r1' --disable-__cxa_atexit --enable-cxx-flags=-ffunction-sections --disable-libgomp --disable-libmudflap --disable-libmpx --disable-libssp --disable-libquadmath --disable-libquadmath-support --disable-libstdcxx-verbose --with-gmp=/builds/idf/crosstool-NG/.build/HOST-x86_64-apple-darwin12/xtensa-esp32s2-elf/buildtools/complibs-host --with-mpfr=/builds/idf/crosstool-NG/.build/HOST-x86_64-apple-darwin12/xtensa-esp32s2-elf/buildtools/complibs-host --with-mpc=/builds/idf/crosstool-NG/.build/HOST-x86_64-apple-darwin12/xtensa-esp32s2-elf/buildtools/complibs-host --with-isl=/builds/idf/crosstool-NG/.build/HOST-x86_64-apple-darwin12/xtensa-esp32s2-elf/buildtools/complibs-host --enable-lto --enable-target-optspace --without-long-double-128 --disable-nls --enable-multiarch --enable-languages=c c++ --disable-libstdcxx-verbose --enable-threads=posix --enable-gcov-custom-rtio --enable-libstdcxx-time=yes]
  ignore line: [Thread model: posix]
  ignore line: [Supported LTO compression algorithms: zlib]
  ignore line: [gcc version 11.2.0 (crosstool-NG esp-2022r1) ]
  ignore line: [COMPILER_PATH=/Users/uiuan/.espressif/tools/xtensa-esp32s2-elf/esp-2022r1-11.2.0/xtensa-esp32s2-elf/bin/../libexec/gcc/xtensa-esp32s2-elf/11.2.0/:/Users/uiuan/.espressif/tools/xtensa-esp32s2-elf/esp-2022r1-11.2.0/xtensa-esp32s2-elf/bin/../libexec/gcc/:/Users/uiuan/.espressif/tools/xtensa-esp32s2-elf/esp-2022r1-11.2.0/xtensa-esp32s2-elf/bin/../lib/gcc/xtensa-esp32s2-elf/11.2.0/../../../../xtensa-esp32s2-elf/bin/]
  ignore line: [LIBRARY_PATH=/Users/uiuan/.espressif/tools/xtensa-esp32s2-elf/esp-2022r1-11.2.0/xtensa-esp32s2-elf/bin/../lib/gcc/xtensa-esp32s2-elf/11.2.0/:/Users/uiuan/.espressif/tools/xtensa-esp32s2-elf/esp-2022r1-11.2.0/xtensa-esp32s2-elf/bin/../lib/gcc/:/Users/uiuan/.espressif/tools/xtensa-esp32s2-elf/esp-2022r1-11.2.0/xtensa-esp32s2-elf/bin/../lib/gcc/xtensa-esp32s2-elf/11.2.0/../../../../xtensa-esp32s2-elf/lib/]
  ignore line: [COLLECT_GCC_OPTIONS='-mlongcalls' '-v' '-o' 'cmTC_3fd07' '-dumpdir' 'cmTC_3fd07.']
  link line: [ /Users/uiuan/.espressif/tools/xtensa-esp32s2-elf/esp-2022r1-11.2.0/xtensa-esp32s2-elf/bin/../libexec/gcc/xtensa-esp32s2-elf/11.2.0/collect2 -plugin /Users/uiuan/.espressif/tools/xtensa-esp32s2-elf/esp-2022r1-11.2.0/xtensa-esp32s2-elf/bin/../libexec/gcc/xtensa-esp32s2-elf/11.2.0/liblto_plugin.so -plugin-opt=/Users/uiuan/.espressif/tools/xtensa-esp32s2-elf/esp-2022r1-11.2.0/xtensa-esp32s2-elf/bin/../libexec/gcc/xtensa-esp32s2-elf/11.2.0/lto-wrapper -plugin-opt=-fresolution=/var/folders/kw/8rj1bz_90zn1p71kg_nj91h80000gn/T//ccszTilk.res -plugin-opt=-pass-through=-lgcc -plugin-opt=-pass-through=-lc -plugin-opt=-pass-through=-lnosys -plugin-opt=-pass-through=-lc -plugin-opt=-pass-through=-lgcc -o cmTC_3fd07 /Users/uiuan/.espressif/tools/xtensa-esp32s2-elf/esp-2022r1-11.2.0/xtensa-esp32s2-elf/bin/../lib/gcc/xtensa-esp32s2-elf/11.2.0/../../../../xtensa-esp32s2-elf/lib/crt0.o /Users/uiuan/.espressif/tools/xtensa-esp32s2-elf/esp-2022r1-11.2.0/xtensa-esp32s2-elf/bin/../lib/gcc/xtensa-esp32s2-elf/11.2.0/crti.o /Users/uiuan/.espressif/tools/xtensa-esp32s2-elf/esp-2022r1-11.2.0/xtensa-esp32s2-elf/bin/../lib/gcc/xtensa-esp32s2-elf/11.2.0/crtbegin.o -L/Users/uiuan/.espressif/tools/xtensa-esp32s2-elf/esp-2022r1-11.2.0/xtensa-esp32s2-elf/bin/../lib/gcc/xtensa-esp32s2-elf/11.2.0 -L/Users/uiuan/.espressif/tools/xtensa-esp32s2-elf/esp-2022r1-11.2.0/xtensa-esp32s2-elf/bin/../lib/gcc -L/Users/uiuan/.espressif/tools/xtensa-esp32s2-elf/esp-2022r1-11.2.0/xtensa-esp32s2-elf/bin/../lib/gcc/xtensa-esp32s2-elf/11.2.0/../../../../xtensa-esp32s2-elf/lib CMakeFiles/cmTC_3fd07.dir/CMakeCCompilerABI.c.obj -lgcc -lc -lnosys -lc -lgcc /Users/uiuan/.espressif/tools/xtensa-esp32s2-elf/esp-2022r1-11.2.0/xtensa-esp32s2-elf/bin/../lib/gcc/xtensa-esp32s2-elf/11.2.0/crtend.o /Users/uiuan/.espressif/tools/xtensa-esp32s2-elf/esp-2022r1-11.2.0/xtensa-esp32s2-elf/bin/../lib/gcc/xtensa-esp32s2-elf/11.2.0/crtn.o]
    arg [/Users/uiuan/.espressif/tools/xtensa-esp32s2-elf/esp-2022r1-11.2.0/xtensa-esp32s2-elf/bin/../libexec/gcc/xtensa-esp32s2-elf/11.2.0/collect2] ==> ignore
    arg [-plugin] ==> ignore
    arg [/Users/uiuan/.espressif/tools/xtensa-esp32s2-elf/esp-2022r1-11.2.0/xtensa-esp32s2-elf/bin/../libexec/gcc/xtensa-esp32s2-elf/11.2.0/liblto_plugin.so] ==> ignore
    arg [-plugin-opt=/Users/uiuan/.espressif/tools/xtensa-esp32s2-elf/esp-2022r1-11.2.0/xtensa-esp32s2-elf/bin/../libexec/gcc/xtensa-esp32s2-elf/11.2.0/lto-wrapper] ==> ignore
    arg [-plugin-opt=-fresolution=/var/folders/kw/8rj1bz_90zn1p71kg_nj91h80000gn/T//ccszTilk.res] ==> ignore
    arg [-plugin-opt=-pass-through=-lgcc] ==> ignore
    arg [-plugin-opt=-pass-through=-lc] ==> ignore
    arg [-plugin-opt=-pass-through=-lnosys] ==> ignore
    arg [-plugin-opt=-pass-through=-lc] ==> ignore
    arg [-plugin-opt=-pass-through=-lgcc] ==> ignore
    arg [-o] ==> ignore
    arg [cmTC_3fd07] ==> ignore
    arg [/Users/uiuan/.espressif/tools/xtensa-esp32s2-elf/esp-2022r1-11.2.0/xtensa-esp32s2-elf/bin/../lib/gcc/xtensa-esp32s2-elf/11.2.0/../../../../xtensa-esp32s2-elf/lib/crt0.o] ==> obj [/Users/uiuan/.espressif/tools/xtensa-esp32s2-elf/esp-2022r1-11.2.0/xtensa-esp32s2-elf/bin/../lib/gcc/xtensa-esp32s2-elf/11.2.0/../../../../xtensa-esp32s2-elf/lib/crt0.o]
    arg [/Users/uiuan/.espressif/tools/xtensa-esp32s2-elf/esp-2022r1-11.2.0/xtensa-esp32s2-elf/bin/../lib/gcc/xtensa-esp32s2-elf/11.2.0/crti.o] ==> obj [/Users/uiuan/.espressif/tools/xtensa-esp32s2-elf/esp-2022r1-11.2.0/xtensa-esp32s2-elf/bin/../lib/gcc/xtensa-esp32s2-elf/11.2.0/crti.o]
    arg [/Users/uiuan/.espressif/tools/xtensa-esp32s2-elf/esp-2022r1-11.2.0/xtensa-esp32s2-elf/bin/../lib/gcc/xtensa-esp32s2-elf/11.2.0/crtbegin.o] ==> obj [/Users/uiuan/.espressif/tools/xtensa-esp32s2-elf/esp-2022r1-11.2.0/xtensa-esp32s2-elf/bin/../lib/gcc/xtensa-esp32s2-elf/11.2.0/crtbegin.o]
    arg [-L/Users/uiuan/.espressif/tools/xtensa-esp32s2-elf/esp-2022r1-11.2.0/xtensa-esp32s2-elf/bin/../lib/gcc/xtensa-esp32s2-elf/11.2.0] ==> dir [/Users/uiuan/.espressif/tools/xtensa-esp32s2-elf/esp-2022r1-11.2.0/xtensa-esp32s2-elf/bin/../lib/gcc/xtensa-esp32s2-elf/11.2.0]
    arg [-L/Users/uiuan/.espressif/tools/xtensa-esp32s2-elf/esp-2022r1-11.2.0/xtensa-esp32s2-elf/bin/../lib/gcc] ==> dir [/Users/uiuan/.espressif/tools/xtensa-esp32s2-elf/esp-2022r1-11.2.0/xtensa-esp32s2-elf/bin/../lib/gcc]
    arg [-L/Users/uiuan/.espressif/tools/xtensa-esp32s2-elf/esp-2022r1-11.2.0/xtensa-esp32s2-elf/bin/../lib/gcc/xtensa-esp32s2-elf/11.2.0/../../../../xtensa-esp32s2-elf/lib] ==> dir [/Users/uiuan/.espressif/tools/xtensa-esp32s2-elf/esp-2022r1-11.2.0/xtensa-esp32s2-elf/bin/../lib/gcc/xtensa-esp32s2-elf/11.2.0/../../../../xtensa-esp32s2-elf/lib]
    arg [CMakeFiles/cmTC_3fd07.dir/CMakeCCompilerABI.c.obj] ==> ignore
    arg [-lgcc] ==> lib [gcc]
    arg [-lc] ==> lib [c]
    arg [-lnosys] ==> lib [nosys]
    arg [-lc] ==> lib [c]
    arg [-lgcc] ==> lib [gcc]
    arg [/Users/uiuan/.espressif/tools/xtensa-esp32s2-elf/esp-2022r1-11.2.0/xtensa-esp32s2-elf/bin/../lib/gcc/xtensa-esp32s2-elf/11.2.0/crtend.o] ==> obj [/Users/uiuan/.espressif/tools/xtensa-esp32s2-elf/esp-2022r1-11.2.0/xtensa-esp32s2-elf/bin/../lib/gcc/xtensa-esp32s2-elf/11.2.0/crtend.o]
    arg [/Users/uiuan/.espressif/tools/xtensa-esp32s2-elf/esp-2022r1-11.2.0/xtensa-esp32s2-elf/bin/../lib/gcc/xtensa-esp32s2-elf/11.2.0/crtn.o] ==> obj [/Users/uiuan/.espressif/tools/xtensa-esp32s2-elf/esp-2022r1-11.2.0/xtensa-esp32s2-elf/bin/../lib/gcc/xtensa-esp32s2-elf/11.2.0/crtn.o]
  collapse obj [/Users/uiuan/.espressif/tools/xtensa-esp32s2-elf/esp-2022r1-11.2.0/xtensa-esp32s2-elf/bin/../lib/gcc/xtensa-esp32s2-elf/11.2.0/../../../../xtensa-esp32s2-elf/lib/crt0.o] ==> [/Users/uiuan/.espressif/tools/xtensa-esp32s2-elf/esp-2022r1-11.2.0/xtensa-esp32s2-elf/xtensa-esp32s2-elf/lib/crt0.o]
  collapse obj [/Users/uiuan/.espressif/tools/xtensa-esp32s2-elf/esp-2022r1-11.2.0/xtensa-esp32s2-elf/bin/../lib/gcc/xtensa-esp32s2-elf/11.2.0/crti.o] ==> [/Users/uiuan/.espressif/tools/xtensa-esp32s2-elf/esp-2022r1-11.2.0/xtensa-esp32s2-elf/lib/gcc/xtensa-esp32s2-elf/11.2.0/crti.o]
  collapse obj [/Users/uiuan/.espressif/tools/xtensa-esp32s2-elf/esp-2022r1-11.2.0/xtensa-esp32s2-elf/bin/../lib/gcc/xtensa-esp32s2-elf/11.2.0/crtbegin.o] ==> [/Users/uiuan/.espressif/tools/xtensa-esp32s2-elf/esp-2022r1-11.2.0/xtensa-esp32s2-elf/lib/gcc/xtensa-esp32s2-elf/11.2.0/crtbegin.o]
  collapse obj [/Users/uiuan/.espressif/tools/xtensa-esp32s2-elf/esp-2022r1-11.2.0/xtensa-esp32s2-elf/bin/../lib/gcc/xtensa-esp32s2-elf/11.2.0/crtend.o] ==> [/Users/uiuan/.espressif/tools/xtensa-esp32s2-elf/esp-2022r1-11.2.0/xtensa-esp32s2-elf/lib/gcc/xtensa-esp32s2-elf/11.2.0/crtend.o]
  collapse obj [/Users/uiuan/.espressif/tools/xtensa-esp32s2-elf/esp-2022r1-11.2.0/xtensa-esp32s2-elf/bin/../lib/gcc/xtensa-esp32s2-elf/11.2.0/crtn.o] ==> [/Users/uiuan/.espressif/tools/xtensa-esp32s2-elf/esp-2022r1-11.2.0/xtensa-esp32s2-elf/lib/gcc/xtensa-esp32s2-elf/11.2.0/crtn.o]
  collapse library dir [/Users/uiuan/.espressif/tools/xtensa-esp32s2-elf/esp-2022r1-11.2.0/xtensa-esp32s2-elf/bin/../lib/gcc/xtensa-esp32s2-elf/11.2.0] ==> [/Users/uiuan/.espressif/tools/xtensa-esp32s2-elf/esp-2022r1-11.2.0/xtensa-esp32s2-elf/lib/gcc/xtensa-esp32s2-elf/11.2.0]
  collapse library dir [/Users/uiuan/.espressif/tools/xtensa-esp32s2-elf/esp-2022r1-11.2.0/xtensa-esp32s2-elf/bin/../lib/gcc] ==> [/Users/uiuan/.espressif/tools/xtensa-esp32s2-elf/esp-2022r1-11.2.0/xtensa-esp32s2-elf/lib/gcc]
  collapse library dir [/Users/uiuan/.espressif/tools/xtensa-esp32s2-elf/esp-2022r1-11.2.0/xtensa-esp32s2-elf/bin/../lib/gcc/xtensa-esp32s2-elf/11.2.0/../../../../xtensa-esp32s2-elf/lib] ==> [/Users/uiuan/.espressif/tools/xtensa-esp32s2-elf/esp-2022r1-11.2.0/xtensa-esp32s2-elf/xtensa-esp32s2-elf/lib]
  implicit libs: [gcc;c;nosys;c;gcc]
  implicit objs: [/Users/uiuan/.espressif/tools/xtensa-esp32s2-elf/esp-2022r1-11.2.0/xtensa-esp32s2-elf/xtensa-esp32s2-elf/lib/crt0.o;/Users/uiuan/.espressif/tools/xtensa-esp32s2-elf/esp-2022r1-11.2.0/xtensa-esp32s2-elf/lib/gcc/xtensa-esp32s2-elf/11.2.0/crti.o;/Users/uiuan/.espressif/tools/xtensa-esp32s2-elf/esp-2022r1-11.2.0/xtensa-esp32s2-elf/lib/gcc/xtensa-esp32s2-elf/11.2.0/crtbegin.o;/Users/uiuan/.espressif/tools/xtensa-esp32s2-elf/esp-2022r1-11.2.0/xtensa-esp32s2-elf/lib/gcc/xtensa-esp32s2-elf/11.2.0/crtend.o;/Users/uiuan/.espressif/tools/xtensa-esp32s2-elf/esp-2022r1-11.2.0/xtensa-esp32s2-elf/lib/gcc/xtensa-esp32s2-elf/11.2.0/crtn.o]
  implicit dirs: [/Users/uiuan/.espressif/tools/xtensa-esp32s2-elf/esp-2022r1-11.2.0/xtensa-esp32s2-elf/lib/gcc/xtensa-esp32s2-elf/11.2.0;/Users/uiuan/.espressif/tools/xtensa-esp32s2-elf/esp-2022r1-11.2.0/xtensa-esp32s2-elf/lib/gcc;/Users/uiuan/.espressif/tools/xtensa-esp32s2-elf/esp-2022r1-11.2.0/xtensa-esp32s2-elf/xtensa-esp32s2-elf/lib]
  implicit fwks: []


Detecting CXX compiler ABI info compiled with the following output:
Change Dir: /Users/uiuan/dev/esp-homekit-sdk/examples/esp32_homekit_lightbulb/build/bootloader/CMakeFiles/CMakeTmp

Run Build Command(s):/Users/uiuan/.espressif/tools/ninja/1.10.2/ninja cmTC_6e4b8 && [1/2] Building CXX object CMakeFiles/cmTC_6e4b8.dir/CMakeCXXCompilerABI.cpp.obj
Using built-in specs.
COLLECT_GCC=/Users/uiuan/.espressif/tools/xtensa-esp32s2-elf/esp-2022r1-11.2.0/xtensa-esp32s2-elf/bin/xtensa-esp32s2-elf-g++
Target: xtensa-esp32s2-elf
Configured with: /builds/idf/crosstool-NG/.build/HOST-x86_64-apple-darwin12/xtensa-esp32s2-elf/src/gcc/configure --build=x86_64-build_pc-linux-gnu --host=x86_64-host_apple-darwin12 --target=xtensa-esp32s2-elf --prefix=/builds/idf/crosstool-NG/builds/xtensa-esp32s2-elf --exec_prefix=/builds/idf/crosstool-NG/builds/xtensa-esp32s2-elf --with-local-prefix=/builds/idf/crosstool-NG/builds/xtensa-esp32s2-elf/xtensa-esp32s2-elf --with-headers=/builds/idf/crosstool-NG/builds/xtensa-esp32s2-elf/xtensa-esp32s2-elf/include --with-newlib --enable-threads=no --disable-shared --with-pkgversion='crosstool-NG esp-2022r1' --disable-__cxa_atexit --enable-cxx-flags=-ffunction-sections --disable-libgomp --disable-libmudflap --disable-libmpx --disable-libssp --disable-libquadmath --disable-libquadmath-support --disable-libstdcxx-verbose --with-gmp=/builds/idf/crosstool-NG/.build/HOST-x86_64-apple-darwin12/xtensa-esp32s2-elf/buildtools/complibs-host --with-mpfr=/builds/idf/crosstool-NG/.build/HOST-x86_64-apple-darwin12/xtensa-esp32s2-elf/buildtools/complibs-host --with-mpc=/builds/idf/crosstool-NG/.build/HOST-x86_64-apple-darwin12/xtensa-esp32s2-elf/buildtools/complibs-host --with-isl=/builds/idf/crosstool-NG/.build/HOST-x86_64-apple-darwin12/xtensa-esp32s2-elf/buildtools/complibs-host --enable-lto --enable-target-optspace --without-long-double-128 --disable-nls --enable-multiarch --enable-languages=c,c++ --disable-libstdcxx-verbose --enable-threads=posix --enable-gcov-custom-rtio --enable-libstdcxx-time=yes
Thread model: posix
Supported LTO compression algorithms: zlib
gcc version 11.2.0 (crosstool-NG esp-2022r1) 
COLLECT_GCC_OPTIONS='-mlongcalls' '-v' '-o' 'CMakeFiles/cmTC_6e4b8.dir/CMakeCXXCompilerABI.cpp.obj' '-c' '-dumpdir' 'CMakeFiles/cmTC_6e4b8.dir/'
 /Users/uiuan/.espressif/tools/xtensa-esp32s2-elf/esp-2022r1-11.2.0/xtensa-esp32s2-elf/bin/../libexec/gcc/xtensa-esp32s2-elf/11.2.0/cc1plus -quiet -v -iprefix /Users/uiuan/.espressif/tools/xtensa-esp32s2-elf/esp-2022r1-11.2.0/xtensa-esp32s2-elf/bin/../lib/gcc/xtensa-esp32s2-elf/11.2.0/ /Users/uiuan/.espressif/tools/cmake/3.24.0/CMake.app/Contents/share/cmake-3.24/Modules/CMakeCXXCompilerABI.cpp -quiet -dumpdir CMakeFiles/cmTC_6e4b8.dir/ -dumpbase CMakeCXXCompilerABI.cpp.cpp -dumpbase-ext .cpp -mlongcalls -version -o /var/folders/kw/8rj1bz_90zn1p71kg_nj91h80000gn/T//cc3UEYbT.s
GNU C++17 (crosstool-NG esp-2022r1) version 11.2.0 (xtensa-esp32s2-elf)
	compiled by GNU C version 8.3.0, GMP version 6.2.1, MPFR version 4.1.0, MPC version 1.2.1, isl version isl-0.24-GMP

GGC heuristics: --param ggc-min-expand=100 --param ggc-min-heapsize=131072
ignoring duplicate directory "/Users/uiuan/.espressif/tools/xtensa-esp32s2-elf/esp-2022r1-11.2.0/xtensa-esp32s2-elf/bin/../lib/gcc/../../lib/gcc/xtensa-esp32s2-elf/11.2.0/../../../../xtensa-esp32s2-elf/include/c++/11.2.0"
ignoring duplicate directory "/Users/uiuan/.espressif/tools/xtensa-esp32s2-elf/esp-2022r1-11.2.0/xtensa-esp32s2-elf/bin/../lib/gcc/../../lib/gcc/xtensa-esp32s2-elf/11.2.0/../../../../xtensa-esp32s2-elf/include/c++/11.2.0/xtensa-esp32s2-elf"
ignoring duplicate directory "/Users/uiuan/.espressif/tools/xtensa-esp32s2-elf/esp-2022r1-11.2.0/xtensa-esp32s2-elf/bin/../lib/gcc/../../lib/gcc/xtensa-esp32s2-elf/11.2.0/../../../../xtensa-esp32s2-elf/include/c++/11.2.0/backward"
ignoring duplicate directory "/Users/uiuan/.espressif/tools/xtensa-esp32s2-elf/esp-2022r1-11.2.0/xtensa-esp32s2-elf/bin/../lib/gcc/../../lib/gcc/xtensa-esp32s2-elf/11.2.0/include"
ignoring duplicate directory "/Users/uiuan/.espressif/tools/xtensa-esp32s2-elf/esp-2022r1-11.2.0/xtensa-esp32s2-elf/bin/../lib/gcc/../../lib/gcc/xtensa-esp32s2-elf/11.2.0/include-fixed"
ignoring duplicate directory "/Users/uiuan/.espressif/tools/xtensa-esp32s2-elf/esp-2022r1-11.2.0/xtensa-esp32s2-elf/bin/../lib/gcc/../../lib/gcc/xtensa-esp32s2-elf/11.2.0/../../../../xtensa-esp32s2-elf/sys-include"
ignoring duplicate directory "/Users/uiuan/.espressif/tools/xtensa-esp32s2-elf/esp-2022r1-11.2.0/xtensa-esp32s2-elf/bin/../lib/gcc/../../lib/gcc/xtensa-esp32s2-elf/11.2.0/../../../../xtensa-esp32s2-elf/include"
#include "..." search starts here:
#include <...> search starts here:
 /Users/uiuan/.espressif/tools/xtensa-esp32s2-elf/esp-2022r1-11.2.0/xtensa-esp32s2-elf/bin/../lib/gcc/xtensa-esp32s2-elf/11.2.0/../../../../xtensa-esp32s2-elf/include/c++/11.2.0
 /Users/uiuan/.espressif/tools/xtensa-esp32s2-elf/esp-2022r1-11.2.0/xtensa-esp32s2-elf/bin/../lib/gcc/xtensa-esp32s2-elf/11.2.0/../../../../xtensa-esp32s2-elf/include/c++/11.2.0/xtensa-esp32s2-elf
 /Users/uiuan/.espressif/tools/xtensa-esp32s2-elf/esp-2022r1-11.2.0/xtensa-esp32s2-elf/bin/../lib/gcc/xtensa-esp32s2-elf/11.2.0/../../../../xtensa-esp32s2-elf/include/c++/11.2.0/backward
 /Users/uiuan/.espressif/tools/xtensa-esp32s2-elf/esp-2022r1-11.2.0/xtensa-esp32s2-elf/bin/../lib/gcc/xtensa-esp32s2-elf/11.2.0/include
 /Users/uiuan/.espressif/tools/xtensa-esp32s2-elf/esp-2022r1-11.2.0/xtensa-esp32s2-elf/bin/../lib/gcc/xtensa-esp32s2-elf/11.2.0/include-fixed
 /Users/uiuan/.espressif/tools/xtensa-esp32s2-elf/esp-2022r1-11.2.0/xtensa-esp32s2-elf/bin/../lib/gcc/xtensa-esp32s2-elf/11.2.0/../../../../xtensa-esp32s2-elf/sys-include
 /Users/uiuan/.espressif/tools/xtensa-esp32s2-elf/esp-2022r1-11.2.0/xtensa-esp32s2-elf/bin/../lib/gcc/xtensa-esp32s2-elf/11.2.0/../../../../xtensa-esp32s2-elf/include
End of search list.
GNU C++17 (crosstool-NG esp-2022r1) version 11.2.0 (xtensa-esp32s2-elf)
	compiled by GNU C version 8.3.0, GMP version 6.2.1, MPFR version 4.1.0, MPC version 1.2.1, isl version isl-0.24-GMP

GGC heuristics: --param ggc-min-expand=100 --param ggc-min-heapsize=131072
Compiler executable checksum: 14dd725aba6af3a73992193bc29ac3ad
COLLECT_GCC_OPTIONS='-mlongcalls' '-v' '-o' 'CMakeFiles/cmTC_6e4b8.dir/CMakeCXXCompilerABI.cpp.obj' '-c' '-dumpdir' 'CMakeFiles/cmTC_6e4b8.dir/'
 /Users/uiuan/.espressif/tools/xtensa-esp32s2-elf/esp-2022r1-11.2.0/xtensa-esp32s2-elf/bin/../lib/gcc/xtensa-esp32s2-elf/11.2.0/../../../../xtensa-esp32s2-elf/bin/as --traditional-format --longcalls -o CMakeFiles/cmTC_6e4b8.dir/CMakeCXXCompilerABI.cpp.obj /var/folders/kw/8rj1bz_90zn1p71kg_nj91h80000gn/T//cc3UEYbT.s
COMPILER_PATH=/Users/uiuan/.espressif/tools/xtensa-esp32s2-elf/esp-2022r1-11.2.0/xtensa-esp32s2-elf/bin/../libexec/gcc/xtensa-esp32s2-elf/11.2.0/:/Users/uiuan/.espressif/tools/xtensa-esp32s2-elf/esp-2022r1-11.2.0/xtensa-esp32s2-elf/bin/../libexec/gcc/:/Users/uiuan/.espressif/tools/xtensa-esp32s2-elf/esp-2022r1-11.2.0/xtensa-esp32s2-elf/bin/../lib/gcc/xtensa-esp32s2-elf/11.2.0/../../../../xtensa-esp32s2-elf/bin/
LIBRARY_PATH=/Users/uiuan/.espressif/tools/xtensa-esp32s2-elf/esp-2022r1-11.2.0/xtensa-esp32s2-elf/bin/../lib/gcc/xtensa-esp32s2-elf/11.2.0/:/Users/uiuan/.espressif/tools/xtensa-esp32s2-elf/esp-2022r1-11.2.0/xtensa-esp32s2-elf/bin/../lib/gcc/:/Users/uiuan/.espressif/tools/xtensa-esp32s2-elf/esp-2022r1-11.2.0/xtensa-esp32s2-elf/bin/../lib/gcc/xtensa-esp32s2-elf/11.2.0/../../../../xtensa-esp32s2-elf/lib/
COLLECT_GCC_OPTIONS='-mlongcalls' '-v' '-o' 'CMakeFiles/cmTC_6e4b8.dir/CMakeCXXCompilerABI.cpp.obj' '-c' '-dumpdir' 'CMakeFiles/cmTC_6e4b8.dir/CMakeCXXCompilerABI.cpp.'
[2/2] Linking CXX executable cmTC_6e4b8
Using built-in specs.
COLLECT_GCC=/Users/uiuan/.espressif/tools/xtensa-esp32s2-elf/esp-2022r1-11.2.0/xtensa-esp32s2-elf/bin/xtensa-esp32s2-elf-g++
COLLECT_LTO_WRAPPER=/Users/uiuan/.espressif/tools/xtensa-esp32s2-elf/esp-2022r1-11.2.0/xtensa-esp32s2-elf/bin/../libexec/gcc/xtensa-esp32s2-elf/11.2.0/lto-wrapper
Target: xtensa-esp32s2-elf
Configured with: /builds/idf/crosstool-NG/.build/HOST-x86_64-apple-darwin12/xtensa-esp32s2-elf/src/gcc/configure --build=x86_64-build_pc-linux-gnu --host=x86_64-host_apple-darwin12 --target=xtensa-esp32s2-elf --prefix=/builds/idf/crosstool-NG/builds/xtensa-esp32s2-elf --exec_prefix=/builds/idf/crosstool-NG/builds/xtensa-esp32s2-elf --with-local-prefix=/builds/idf/crosstool-NG/builds/xtensa-esp32s2-elf/xtensa-esp32s2-elf --with-headers=/builds/idf/crosstool-NG/builds/xtensa-esp32s2-elf/xtensa-esp32s2-elf/include --with-newlib --enable-threads=no --disable-shared --with-pkgversion='crosstool-NG esp-2022r1' --disable-__cxa_atexit --enable-cxx-flags=-ffunction-sections --disable-libgomp --disable-libmudflap --disable-libmpx --disable-libssp --disable-libquadmath --disable-libquadmath-support --disable-libstdcxx-verbose --with-gmp=/builds/idf/crosstool-NG/.build/HOST-x86_64-apple-darwin12/xtensa-esp32s2-elf/buildtools/complibs-host --with-mpfr=/builds/idf/crosstool-NG/.build/HOST-x86_64-apple-darwin12/xtensa-esp32s2-elf/buildtools/complibs-host --with-mpc=/builds/idf/crosstool-NG/.build/HOST-x86_64-apple-darwin12/xtensa-esp32s2-elf/buildtools/complibs-host --with-isl=/builds/idf/crosstool-NG/.build/HOST-x86_64-apple-darwin12/xtensa-esp32s2-elf/buildtools/complibs-host --enable-lto --enable-target-optspace --without-long-double-128 --disable-nls --enable-multiarch --enable-languages=c,c++ --disable-libstdcxx-verbose --enable-threads=posix --enable-gcov-custom-rtio --enable-libstdcxx-time=yes
Thread model: posix
Supported LTO compression algorithms: zlib
gcc version 11.2.0 (crosstool-NG esp-2022r1) 
COMPILER_PATH=/Users/uiuan/.espressif/tools/xtensa-esp32s2-elf/esp-2022r1-11.2.0/xtensa-esp32s2-elf/bin/../libexec/gcc/xtensa-esp32s2-elf/11.2.0/:/Users/uiuan/.espressif/tools/xtensa-esp32s2-elf/esp-2022r1-11.2.0/xtensa-esp32s2-elf/bin/../libexec/gcc/:/Users/uiuan/.espressif/tools/xtensa-esp32s2-elf/esp-2022r1-11.2.0/xtensa-esp32s2-elf/bin/../lib/gcc/xtensa-esp32s2-elf/11.2.0/../../../../xtensa-esp32s2-elf/bin/
LIBRARY_PATH=/Users/uiuan/.espressif/tools/xtensa-esp32s2-elf/esp-2022r1-11.2.0/xtensa-esp32s2-elf/bin/../lib/gcc/xtensa-esp32s2-elf/11.2.0/:/Users/uiuan/.espressif/tools/xtensa-esp32s2-elf/esp-2022r1-11.2.0/xtensa-esp32s2-elf/bin/../lib/gcc/:/Users/uiuan/.espressif/tools/xtensa-esp32s2-elf/esp-2022r1-11.2.0/xtensa-esp32s2-elf/bin/../lib/gcc/xtensa-esp32s2-elf/11.2.0/../../../../xtensa-esp32s2-elf/lib/
COLLECT_GCC_OPTIONS='-mlongcalls' '-v' '-o' 'cmTC_6e4b8' '-dumpdir' 'cmTC_6e4b8.'
 /Users/uiuan/.espressif/tools/xtensa-esp32s2-elf/esp-2022r1-11.2.0/xtensa-esp32s2-elf/bin/../libexec/gcc/xtensa-esp32s2-elf/11.2.0/collect2 -plugin /Users/uiuan/.espressif/tools/xtensa-esp32s2-elf/esp-2022r1-11.2.0/xtensa-esp32s2-elf/bin/../libexec/gcc/xtensa-esp32s2-elf/11.2.0/liblto_plugin.so -plugin-opt=/Users/uiuan/.espressif/tools/xtensa-esp32s2-elf/esp-2022r1-11.2.0/xtensa-esp32s2-elf/bin/../libexec/gcc/xtensa-esp32s2-elf/11.2.0/lto-wrapper -plugin-opt=-fresolution=/var/folders/kw/8rj1bz_90zn1p71kg_nj91h80000gn/T//cci7263c.res -plugin-opt=-pass-through=-lgcc -plugin-opt=-pass-through=-lc -plugin-opt=-pass-through=-lnosys -plugin-opt=-pass-through=-lc -plugin-opt=-pass-through=-lgcc -o cmTC_6e4b8 /Users/uiuan/.espressif/tools/xtensa-esp32s2-elf/esp-2022r1-11.2.0/xtensa-esp32s2-elf/bin/../lib/gcc/xtensa-esp32s2-elf/11.2.0/../../../../xtensa-esp32s2-elf/lib/crt0.o /Users/uiuan/.espressif/tools/xtensa-esp32s2-elf/esp-2022r1-11.2.0/xtensa-esp32s2-elf/bin/../lib/gcc/xtensa-esp32s2-elf/11.2.0/crti.o /Users/uiuan/.espressif/tools/xtensa-esp32s2-elf/esp-2022r1-11.2.0/xtensa-esp32s2-elf/bin/../lib/gcc/xtensa-esp32s2-elf/11.2.0/crtbegin.o -L/Users/uiuan/.espressif/tools/xtensa-esp32s2-elf/esp-2022r1-11.2.0/xtensa-esp32s2-elf/bin/../lib/gcc/xtensa-esp32s2-elf/11.2.0 -L/Users/uiuan/.espressif/tools/xtensa-esp32s2-elf/esp-2022r1-11.2.0/xtensa-esp32s2-elf/bin/../lib/gcc -L/Users/uiuan/.espressif/tools/xtensa-esp32s2-elf/esp-2022r1-11.2.0/xtensa-esp32s2-elf/bin/../lib/gcc/xtensa-esp32s2-elf/11.2.0/../../../../xtensa-esp32s2-elf/lib CMakeFiles/cmTC_6e4b8.dir/CMakeCXXCompilerABI.cpp.obj -lstdc++ -lm -lgcc -lc -lnosys -lc -lgcc /Users/uiuan/.espressif/tools/xtensa-esp32s2-elf/esp-2022r1-11.2.0/xtensa-esp32s2-elf/bin/../lib/gcc/xtensa-esp32s2-elf/11.2.0/crtend.o /Users/uiuan/.espressif/tools/xtensa-esp32s2-elf/esp-2022r1-11.2.0/xtensa-esp32s2-elf/bin/../lib/gcc/xtensa-esp32s2-elf/11.2.0/crtn.o
COLLECT_GCC_OPTIONS='-mlongcalls' '-v' '-o' 'cmTC_6e4b8' '-dumpdir' 'cmTC_6e4b8.'



Parsed CXX implicit include dir info from above output: rv=done
  found start of include info
  found start of implicit include info
    add: [/Users/uiuan/.espressif/tools/xtensa-esp32s2-elf/esp-2022r1-11.2.0/xtensa-esp32s2-elf/bin/../lib/gcc/xtensa-esp32s2-elf/11.2.0/../../../../xtensa-esp32s2-elf/include/c++/11.2.0]
    add: [/Users/uiuan/.espressif/tools/xtensa-esp32s2-elf/esp-2022r1-11.2.0/xtensa-esp32s2-elf/bin/../lib/gcc/xtensa-esp32s2-elf/11.2.0/../../../../xtensa-esp32s2-elf/include/c++/11.2.0/xtensa-esp32s2-elf]
    add: [/Users/uiuan/.espressif/tools/xtensa-esp32s2-elf/esp-2022r1-11.2.0/xtensa-esp32s2-elf/bin/../lib/gcc/xtensa-esp32s2-elf/11.2.0/../../../../xtensa-esp32s2-elf/include/c++/11.2.0/backward]
    add: [/Users/uiuan/.espressif/tools/xtensa-esp32s2-elf/esp-2022r1-11.2.0/xtensa-esp32s2-elf/bin/../lib/gcc/xtensa-esp32s2-elf/11.2.0/include]
    add: [/Users/uiuan/.espressif/tools/xtensa-esp32s2-elf/esp-2022r1-11.2.0/xtensa-esp32s2-elf/bin/../lib/gcc/xtensa-esp32s2-elf/11.2.0/include-fixed]
    add: [/Users/uiuan/.espressif/tools/xtensa-esp32s2-elf/esp-2022r1-11.2.0/xtensa-esp32s2-elf/bin/../lib/gcc/xtensa-esp32s2-elf/11.2.0/../../../../xtensa-esp32s2-elf/sys-include]
    add: [/Users/uiuan/.espressif/tools/xtensa-esp32s2-elf/esp-2022r1-11.2.0/xtensa-esp32s2-elf/bin/../lib/gcc/xtensa-esp32s2-elf/11.2.0/../../../../xtensa-esp32s2-elf/include]
  end of search list found
  collapse include dir [/Users/uiuan/.espressif/tools/xtensa-esp32s2-elf/esp-2022r1-11.2.0/xtensa-esp32s2-elf/bin/../lib/gcc/xtensa-esp32s2-elf/11.2.0/../../../../xtensa-esp32s2-elf/include/c++/11.2.0] ==> [/Users/uiuan/.espressif/tools/xtensa-esp32s2-elf/esp-2022r1-11.2.0/xtensa-esp32s2-elf/xtensa-esp32s2-elf/include/c++/11.2.0]
  collapse include dir [/Users/uiuan/.espressif/tools/xtensa-esp32s2-elf/esp-2022r1-11.2.0/xtensa-esp32s2-elf/bin/../lib/gcc/xtensa-esp32s2-elf/11.2.0/../../../../xtensa-esp32s2-elf/include/c++/11.2.0/xtensa-esp32s2-elf] ==> [/Users/uiuan/.espressif/tools/xtensa-esp32s2-elf/esp-2022r1-11.2.0/xtensa-esp32s2-elf/xtensa-esp32s2-elf/include/c++/11.2.0/xtensa-esp32s2-elf]
  collapse include dir [/Users/uiuan/.espressif/tools/xtensa-esp32s2-elf/esp-2022r1-11.2.0/xtensa-esp32s2-elf/bin/../lib/gcc/xtensa-esp32s2-elf/11.2.0/../../../../xtensa-esp32s2-elf/include/c++/11.2.0/backward] ==> [/Users/uiuan/.espressif/tools/xtensa-esp32s2-elf/esp-2022r1-11.2.0/xtensa-esp32s2-elf/xtensa-esp32s2-elf/include/c++/11.2.0/backward]
  collapse include dir [/Users/uiuan/.espressif/tools/xtensa-esp32s2-elf/esp-2022r1-11.2.0/xtensa-esp32s2-elf/bin/../lib/gcc/xtensa-esp32s2-elf/11.2.0/include] ==> [/Users/uiuan/.espressif/tools/xtensa-esp32s2-elf/esp-2022r1-11.2.0/xtensa-esp32s2-elf/lib/gcc/xtensa-esp32s2-elf/11.2.0/include]
  collapse include dir [/Users/uiuan/.espressif/tools/xtensa-esp32s2-elf/esp-2022r1-11.2.0/xtensa-esp32s2-elf/bin/../lib/gcc/xtensa-esp32s2-elf/11.2.0/include-fixed] ==> [/Users/uiuan/.espressif/tools/xtensa-esp32s2-elf/esp-2022r1-11.2.0/xtensa-esp32s2-elf/lib/gcc/xtensa-esp32s2-elf/11.2.0/include-fixed]
  collapse include dir [/Users/uiuan/.espressif/tools/xtensa-esp32s2-elf/esp-2022r1-11.2.0/xtensa-esp32s2-elf/bin/../lib/gcc/xtensa-esp32s2-elf/11.2.0/../../../../xtensa-esp32s2-elf/sys-include] ==> [/Users/uiuan/.espressif/tools/xtensa-esp32s2-elf/esp-2022r1-11.2.0/xtensa-esp32s2-elf/xtensa-esp32s2-elf/sys-include]
  collapse include dir [/Users/uiuan/.espressif/tools/xtensa-esp32s2-elf/esp-2022r1-11.2.0/xtensa-esp32s2-elf/bin/../lib/gcc/xtensa-esp32s2-elf/11.2.0/../../../../xtensa-esp32s2-elf/include] ==> [/Users/uiuan/.espressif/tools/xtensa-esp32s2-elf/esp-2022r1-11.2.0/xtensa-esp32s2-elf/xtensa-esp32s2-elf/include]
  implicit include dirs: [/Users/uiuan/.espressif/tools/xtensa-esp32s2-elf/esp-2022r1-11.2.0/xtensa-esp32s2-elf/xtensa-esp32s2-elf/include/c++/11.2.0;/Users/uiuan/.espressif/tools/xtensa-esp32s2-elf/esp-2022r1-11.2.0/xtensa-esp32s2-elf/xtensa-esp32s2-elf/include/c++/11.2.0/xtensa-esp32s2-elf;/Users/uiuan/.espressif/tools/xtensa-esp32s2-elf/esp-2022r1-11.2.0/xtensa-esp32s2-elf/xtensa-esp32s2-elf/include/c++/11.2.0/backward;/Users/uiuan/.espressif/tools/xtensa-esp32s2-elf/esp-2022r1-11.2.0/xtensa-esp32s2-elf/lib/gcc/xtensa-esp32s2-elf/11.2.0/include;/Users/uiuan/.espressif/tools/xtensa-esp32s2-elf/esp-2022r1-11.2.0/xtensa-esp32s2-elf/lib/gcc/xtensa-esp32s2-elf/11.2.0/include-fixed;/Users/uiuan/.espressif/tools/xtensa-esp32s2-elf/esp-2022r1-11.2.0/xtensa-esp32s2-elf/xtensa-esp32s2-elf/sys-include;/Users/uiuan/.espressif/tools/xtensa-esp32s2-elf/esp-2022r1-11.2.0/xtensa-esp32s2-elf/xtensa-esp32s2-elf/include]


Parsed CXX implicit link information from above output:
  link line regex: [^( *|.*[/\])(xtensa-esp32s2-elf-ld|CMAKE_LINK_STARTFILE-NOTFOUND|([^/\]+-)?ld|collect2)[^/\]*( |$)]
  ignore line: [Change Dir: /Users/uiuan/dev/esp-homekit-sdk/examples/esp32_homekit_lightbulb/build/bootloader/CMakeFiles/CMakeTmp]
  ignore line: []
  ignore line: [Run Build Command(s):/Users/uiuan/.espressif/tools/ninja/1.10.2/ninja cmTC_6e4b8 && [1/2] Building CXX object CMakeFiles/cmTC_6e4b8.dir/CMakeCXXCompilerABI.cpp.obj]
  ignore line: [Using built-in specs.]
  ignore line: [COLLECT_GCC=/Users/uiuan/.espressif/tools/xtensa-esp32s2-elf/esp-2022r1-11.2.0/xtensa-esp32s2-elf/bin/xtensa-esp32s2-elf-g++]
  ignore line: [Target: xtensa-esp32s2-elf]
  ignore line: [Configured with: /builds/idf/crosstool-NG/.build/HOST-x86_64-apple-darwin12/xtensa-esp32s2-elf/src/gcc/configure --build=x86_64-build_pc-linux-gnu --host=x86_64-host_apple-darwin12 --target=xtensa-esp32s2-elf --prefix=/builds/idf/crosstool-NG/builds/xtensa-esp32s2-elf --exec_prefix=/builds/idf/crosstool-NG/builds/xtensa-esp32s2-elf --with-local-prefix=/builds/idf/crosstool-NG/builds/xtensa-esp32s2-elf/xtensa-esp32s2-elf --with-headers=/builds/idf/crosstool-NG/builds/xtensa-esp32s2-elf/xtensa-esp32s2-elf/include --with-newlib --enable-threads=no --disable-shared --with-pkgversion='crosstool-NG esp-2022r1' --disable-__cxa_atexit --enable-cxx-flags=-ffunction-sections --disable-libgomp --disable-libmudflap --disable-libmpx --disable-libssp --disable-libquadmath --disable-libquadmath-support --disable-libstdcxx-verbose --with-gmp=/builds/idf/crosstool-NG/.build/HOST-x86_64-apple-darwin12/xtensa-esp32s2-elf/buildtools/complibs-host --with-mpfr=/builds/idf/crosstool-NG/.build/HOST-x86_64-apple-darwin12/xtensa-esp32s2-elf/buildtools/complibs-host --with-mpc=/builds/idf/crosstool-NG/.build/HOST-x86_64-apple-darwin12/xtensa-esp32s2-elf/buildtools/complibs-host --with-isl=/builds/idf/crosstool-NG/.build/HOST-x86_64-apple-darwin12/xtensa-esp32s2-elf/buildtools/complibs-host --enable-lto --enable-target-optspace --without-long-double-128 --disable-nls --enable-multiarch --enable-languages=c c++ --disable-libstdcxx-verbose --enable-threads=posix --enable-gcov-custom-rtio --enable-libstdcxx-time=yes]
  ignore line: [Thread model: posix]
  ignore line: [Supported LTO compression algorithms: zlib]
  ignore line: [gcc version 11.2.0 (crosstool-NG esp-2022r1) ]
  ignore line: [COLLECT_GCC_OPTIONS='-mlongcalls' '-v' '-o' 'CMakeFiles/cmTC_6e4b8.dir/CMakeCXXCompilerABI.cpp.obj' '-c' '-dumpdir' 'CMakeFiles/cmTC_6e4b8.dir/']
  ignore line: [ /Users/uiuan/.espressif/tools/xtensa-esp32s2-elf/esp-2022r1-11.2.0/xtensa-esp32s2-elf/bin/../libexec/gcc/xtensa-esp32s2-elf/11.2.0/cc1plus -quiet -v -iprefix /Users/uiuan/.espressif/tools/xtensa-esp32s2-elf/esp-2022r1-11.2.0/xtensa-esp32s2-elf/bin/../lib/gcc/xtensa-esp32s2-elf/11.2.0/ /Users/uiuan/.espressif/tools/cmake/3.24.0/CMake.app/Contents/share/cmake-3.24/Modules/CMakeCXXCompilerABI.cpp -quiet -dumpdir CMakeFiles/cmTC_6e4b8.dir/ -dumpbase CMakeCXXCompilerABI.cpp.cpp -dumpbase-ext .cpp -mlongcalls -version -o /var/folders/kw/8rj1bz_90zn1p71kg_nj91h80000gn/T//cc3UEYbT.s]
  ignore line: [GNU C++17 (crosstool-NG esp-2022r1) version 11.2.0 (xtensa-esp32s2-elf)]
  ignore line: [	compiled by GNU C version 8.3.0  GMP version 6.2.1  MPFR version 4.1.0  MPC version 1.2.1  isl version isl-0.24-GMP]
  ignore line: []
  ignore line: [GGC heuristics: --param ggc-min-expand=100 --param ggc-min-heapsize=131072]
  ignore line: [ignoring duplicate directory "/Users/uiuan/.espressif/tools/xtensa-esp32s2-elf/esp-2022r1-11.2.0/xtensa-esp32s2-elf/bin/../lib/gcc/../../lib/gcc/xtensa-esp32s2-elf/11.2.0/../../../../xtensa-esp32s2-elf/include/c++/11.2.0"]
  ignore line: [ignoring duplicate directory "/Users/uiuan/.espressif/tools/xtensa-esp32s2-elf/esp-2022r1-11.2.0/xtensa-esp32s2-elf/bin/../lib/gcc/../../lib/gcc/xtensa-esp32s2-elf/11.2.0/../../../../xtensa-esp32s2-elf/include/c++/11.2.0/xtensa-esp32s2-elf"]
  ignore line: [ignoring duplicate directory "/Users/uiuan/.espressif/tools/xtensa-esp32s2-elf/esp-2022r1-11.2.0/xtensa-esp32s2-elf/bin/../lib/gcc/../../lib/gcc/xtensa-esp32s2-elf/11.2.0/../../../../xtensa-esp32s2-elf/include/c++/11.2.0/backward"]
  ignore line: [ignoring duplicate directory "/Users/uiuan/.espressif/tools/xtensa-esp32s2-elf/esp-2022r1-11.2.0/xtensa-esp32s2-elf/bin/../lib/gcc/../../lib/gcc/xtensa-esp32s2-elf/11.2.0/include"]
  ignore line: [ignoring duplicate directory "/Users/uiuan/.espressif/tools/xtensa-esp32s2-elf/esp-2022r1-11.2.0/xtensa-esp32s2-elf/bin/../lib/gcc/../../lib/gcc/xtensa-esp32s2-elf/11.2.0/include-fixed"]
  ignore line: [ignoring duplicate directory "/Users/uiuan/.espressif/tools/xtensa-esp32s2-elf/esp-2022r1-11.2.0/xtensa-esp32s2-elf/bin/../lib/gcc/../../lib/gcc/xtensa-esp32s2-elf/11.2.0/../../../../xtensa-esp32s2-elf/sys-include"]
  ignore line: [ignoring duplicate directory "/Users/uiuan/.espressif/tools/xtensa-esp32s2-elf/esp-2022r1-11.2.0/xtensa-esp32s2-elf/bin/../lib/gcc/../../lib/gcc/xtensa-esp32s2-elf/11.2.0/../../../../xtensa-esp32s2-elf/include"]
  ignore line: [#include "..." search starts here:]
  ignore line: [#include <...> search starts here:]
  ignore line: [ /Users/uiuan/.espressif/tools/xtensa-esp32s2-elf/esp-2022r1-11.2.0/xtensa-esp32s2-elf/bin/../lib/gcc/xtensa-esp32s2-elf/11.2.0/../../../../xtensa-esp32s2-elf/include/c++/11.2.0]
  ignore line: [ /Users/uiuan/.espressif/tools/xtensa-esp32s2-elf/esp-2022r1-11.2.0/xtensa-esp32s2-elf/bin/../lib/gcc/xtensa-esp32s2-elf/11.2.0/../../../../xtensa-esp32s2-elf/include/c++/11.2.0/xtensa-esp32s2-elf]
  ignore line: [ /Users/uiuan/.espressif/tools/xtensa-esp32s2-elf/esp-2022r1-11.2.0/xtensa-esp32s2-elf/bin/../lib/gcc/xtensa-esp32s2-elf/11.2.0/../../../../xtensa-esp32s2-elf/include/c++/11.2.0/backward]
  ignore line: [ /Users/uiuan/.espressif/tools/xtensa-esp32s2-elf/esp-2022r1-11.2.0/xtensa-esp32s2-elf/bin/../lib/gcc/xtensa-esp32s2-elf/11.2.0/include]
  ignore line: [ /Users/uiuan/.espressif/tools/xtensa-esp32s2-elf/esp-2022r1-11.2.0/xtensa-esp32s2-elf/bin/../lib/gcc/xtensa-esp32s2-elf/11.2.0/include-fixed]
  ignore line: [ /Users/uiuan/.espressif/tools/xtensa-esp32s2-elf/esp-2022r1-11.2.0/xtensa-esp32s2-elf/bin/../lib/gcc/xtensa-esp32s2-elf/11.2.0/../../../../xtensa-esp32s2-elf/sys-include]
  ignore line: [ /Users/uiuan/.espressif/tools/xtensa-esp32s2-elf/esp-2022r1-11.2.0/xtensa-esp32s2-elf/bin/../lib/gcc/xtensa-esp32s2-elf/11.2.0/../../../../xtensa-esp32s2-elf/include]
  ignore line: [End of search list.]
  ignore line: [GNU C++17 (crosstool-NG esp-2022r1) version 11.2.0 (xtensa-esp32s2-elf)]
  ignore line: [	compiled by GNU C version 8.3.0  GMP version 6.2.1  MPFR version 4.1.0  MPC version 1.2.1  isl version isl-0.24-GMP]
  ignore line: []
  ignore line: [GGC heuristics: --param ggc-min-expand=100 --param ggc-min-heapsize=131072]
  ignore line: [Compiler executable checksum: 14dd725aba6af3a73992193bc29ac3ad]
  ignore line: [COLLECT_GCC_OPTIONS='-mlongcalls' '-v' '-o' 'CMakeFiles/cmTC_6e4b8.dir/CMakeCXXCompilerABI.cpp.obj' '-c' '-dumpdir' 'CMakeFiles/cmTC_6e4b8.dir/']
  ignore line: [ /Users/uiuan/.espressif/tools/xtensa-esp32s2-elf/esp-2022r1-11.2.0/xtensa-esp32s2-elf/bin/../lib/gcc/xtensa-esp32s2-elf/11.2.0/../../../../xtensa-esp32s2-elf/bin/as --traditional-format --longcalls -o CMakeFiles/cmTC_6e4b8.dir/CMakeCXXCompilerABI.cpp.obj /var/folders/kw/8rj1bz_90zn1p71kg_nj91h80000gn/T//cc3UEYbT.s]
  ignore line: [COMPILER_PATH=/Users/uiuan/.espressif/tools/xtensa-esp32s2-elf/esp-2022r1-11.2.0/xtensa-esp32s2-elf/bin/../libexec/gcc/xtensa-esp32s2-elf/11.2.0/:/Users/uiuan/.espressif/tools/xtensa-esp32s2-elf/esp-2022r1-11.2.0/xtensa-esp32s2-elf/bin/../libexec/gcc/:/Users/uiuan/.espressif/tools/xtensa-esp32s2-elf/esp-2022r1-11.2.0/xtensa-esp32s2-elf/bin/../lib/gcc/xtensa-esp32s2-elf/11.2.0/../../../../xtensa-esp32s2-elf/bin/]
  ignore line: [LIBRARY_PATH=/Users/uiuan/.espressif/tools/xtensa-esp32s2-elf/esp-2022r1-11.2.0/xtensa-esp32s2-elf/bin/../lib/gcc/xtensa-esp32s2-elf/11.2.0/:/Users/uiuan/.espressif/tools/xtensa-esp32s2-elf/esp-2022r1-11.2.0/xtensa-esp32s2-elf/bin/../lib/gcc/:/Users/uiuan/.espressif/tools/xtensa-esp32s2-elf/esp-2022r1-11.2.0/xtensa-esp32s2-elf/bin/../lib/gcc/xtensa-esp32s2-elf/11.2.0/../../../../xtensa-esp32s2-elf/lib/]
  ignore line: [COLLECT_GCC_OPTIONS='-mlongcalls' '-v' '-o' 'CMakeFiles/cmTC_6e4b8.dir/CMakeCXXCompilerABI.cpp.obj' '-c' '-dumpdir' 'CMakeFiles/cmTC_6e4b8.dir/CMakeCXXCompilerABI.cpp.']
  ignore line: [[2/2] Linking CXX executable cmTC_6e4b8]
  ignore line: [Using built-in specs.]
  ignore line: [COLLECT_GCC=/Users/uiuan/.espressif/tools/xtensa-esp32s2-elf/esp-2022r1-11.2.0/xtensa-esp32s2-elf/bin/xtensa-esp32s2-elf-g++]
  ignore line: [COLLECT_LTO_WRAPPER=/Users/uiuan/.espressif/tools/xtensa-esp32s2-elf/esp-2022r1-11.2.0/xtensa-esp32s2-elf/bin/../libexec/gcc/xtensa-esp32s2-elf/11.2.0/lto-wrapper]
  ignore line: [Target: xtensa-esp32s2-elf]
  ignore line: [Configured with: /builds/idf/crosstool-NG/.build/HOST-x86_64-apple-darwin12/xtensa-esp32s2-elf/src/gcc/configure --build=x86_64-build_pc-linux-gnu --host=x86_64-host_apple-darwin12 --target=xtensa-esp32s2-elf --prefix=/builds/idf/crosstool-NG/builds/xtensa-esp32s2-elf --exec_prefix=/builds/idf/crosstool-NG/builds/xtensa-esp32s2-elf --with-local-prefix=/builds/idf/crosstool-NG/builds/xtensa-esp32s2-elf/xtensa-esp32s2-elf --with-headers=/builds/idf/crosstool-NG/builds/xtensa-esp32s2-elf/xtensa-esp32s2-elf/include --with-newlib --enable-threads=no --disable-shared --with-pkgversion='crosstool-NG esp-2022r1' --disable-__cxa_atexit --enable-cxx-flags=-ffunction-sections --disable-libgomp --disable-libmudflap --disable-libmpx --disable-libssp --disable-libquadmath --disable-libquadmath-support --disable-libstdcxx-verbose --with-gmp=/builds/idf/crosstool-NG/.build/HOST-x86_64-apple-darwin12/xtensa-esp32s2-elf/buildtools/complibs-host --with-mpfr=/builds/idf/crosstool-NG/.build/HOST-x86_64-apple-darwin12/xtensa-esp32s2-elf/buildtools/complibs-host --with-mpc=/builds/idf/crosstool-NG/.build/HOST-x86_64-apple-darwin12/xtensa-esp32s2-elf/buildtools/complibs-host --with-isl=/builds/idf/crosstool-NG/.build/HOST-x86_64-apple-darwin12/xtensa-esp32s2-elf/buildtools/complibs-host --enable-lto --enable-target-optspace --without-long-double-128 --disable-nls --enable-multiarch --enable-languages=c c++ --disable-libstdcxx-verbose --enable-threads=posix --enable-gcov-custom-rtio --enable-libstdcxx-time=yes]
  ignore line: [Thread model: posix]
  ignore line: [Supported LTO compression algorithms: zlib]
  ignore line: [gcc version 11.2.0 (crosstool-NG esp-2022r1) ]
  ignore line: [COMPILER_PATH=/Users/uiuan/.espressif/tools/xtensa-esp32s2-elf/esp-2022r1-11.2.0/xtensa-esp32s2-elf/bin/../libexec/gcc/xtensa-esp32s2-elf/11.2.0/:/Users/uiuan/.espressif/tools/xtensa-esp32s2-elf/esp-2022r1-11.2.0/xtensa-esp32s2-elf/bin/../libexec/gcc/:/Users/uiuan/.espressif/tools/xtensa-esp32s2-elf/esp-2022r1-11.2.0/xtensa-esp32s2-elf/bin/../lib/gcc/xtensa-esp32s2-elf/11.2.0/../../../../xtensa-esp32s2-elf/bin/]
  ignore line: [LIBRARY_PATH=/Users/uiuan/.espressif/tools/xtensa-esp32s2-elf/esp-2022r1-11.2.0/xtensa-esp32s2-elf/bin/../lib/gcc/xtensa-esp32s2-elf/11.2.0/:/Users/uiuan/.espressif/tools/xtensa-esp32s2-elf/esp-2022r1-11.2.0/xtensa-esp32s2-elf/bin/../lib/gcc/:/Users/uiuan/.espressif/tools/xtensa-esp32s2-elf/esp-2022r1-11.2.0/xtensa-esp32s2-elf/bin/../lib/gcc/xtensa-esp32s2-elf/11.2.0/../../../../xtensa-esp32s2-elf/lib/]
  ignore line: [COLLECT_GCC_OPTIONS='-mlongcalls' '-v' '-o' 'cmTC_6e4b8' '-dumpdir' 'cmTC_6e4b8.']
  link line: [ /Users/uiuan/.espressif/tools/xtensa-esp32s2-elf/esp-2022r1-11.2.0/xtensa-esp32s2-elf/bin/../libexec/gcc/xtensa-esp32s2-elf/11.2.0/collect2 -plugin /Users/uiuan/.espressif/tools/xtensa-esp32s2-elf/esp-2022r1-11.2.0/xtensa-esp32s2-elf/bin/../libexec/gcc/xtensa-esp32s2-elf/11.2.0/liblto_plugin.so -plugin-opt=/Users/uiuan/.espressif/tools/xtensa-esp32s2-elf/esp-2022r1-11.2.0/xtensa-esp32s2-elf/bin/../libexec/gcc/xtensa-esp32s2-elf/11.2.0/lto-wrapper -plugin-opt=-fresolution=/var/folders/kw/8rj1bz_90zn1p71kg_nj91h80000gn/T//cci7263c.res -plugin-opt=-pass-through=-lgcc -plugin-opt=-pass-through=-lc -plugin-opt=-pass-through=-lnosys -plugin-opt=-pass-through=-lc -plugin-opt=-pass-through=-lgcc -o cmTC_6e4b8 /Users/uiuan/.espressif/tools/xtensa-esp32s2-elf/esp-2022r1-11.2.0/xtensa-esp32s2-elf/bin/../lib/gcc/xtensa-esp32s2-elf/11.2.0/../../../../xtensa-esp32s2-elf/lib/crt0.o /Users/uiuan/.espressif/tools/xtensa-esp32s2-elf/esp-2022r1-11.2.0/xtensa-esp32s2-elf/bin/../lib/gcc/xtensa-esp32s2-elf/11.2.0/crti.o /Users/uiuan/.espressif/tools/xtensa-esp32s2-elf/esp-2022r1-11.2.0/xtensa-esp32s2-elf/bin/../lib/gcc/xtensa-esp32s2-elf/11.2.0/crtbegin.o -L/Users/uiuan/.espressif/tools/xtensa-esp32s2-elf/esp-2022r1-11.2.0/xtensa-esp32s2-elf/bin/../lib/gcc/xtensa-esp32s2-elf/11.2.0 -L/Users/uiuan/.espressif/tools/xtensa-esp32s2-elf/esp-2022r1-11.2.0/xtensa-esp32s2-elf/bin/../lib/gcc -L/Users/uiuan/.espressif/tools/xtensa-esp32s2-elf/esp-2022r1-11.2.0/xtensa-esp32s2-elf/bin/../lib/gcc/xtensa-esp32s2-elf/11.2.0/../../../../xtensa-esp32s2-elf/lib CMakeFiles/cmTC_6e4b8.dir/CMakeCXXCompilerABI.cpp.obj -lstdc++ -lm -lgcc -lc -lnosys -lc -lgcc /Users/uiuan/.espressif/tools/xtensa-esp32s2-elf/esp-2022r1-11.2.0/xtensa-esp32s2-elf/bin/../lib/gcc/xtensa-esp32s2-elf/11.2.0/crtend.o /Users/uiuan/.espressif/tools/xtensa-esp32s2-elf/esp-2022r1-11.2.0/xtensa-esp32s2-elf/bin/../lib/gcc/xtensa-esp32s2-elf/11.2.0/crtn.o]
    arg [/Users/uiuan/.espressif/tools/xtensa-esp32s2-elf/esp-2022r1-11.2.0/xtensa-esp32s2-elf/bin/../libexec/gcc/xtensa-esp32s2-elf/11.2.0/collect2] ==> ignore
    arg [-plugin] ==> ignore
    arg [/Users/uiuan/.espressif/tools/xtensa-esp32s2-elf/esp-2022r1-11.2.0/xtensa-esp32s2-elf/bin/../libexec/gcc/xtensa-esp32s2-elf/11.2.0/liblto_plugin.so] ==> ignore
    arg [-plugin-opt=/Users/uiuan/.espressif/tools/xtensa-esp32s2-elf/esp-2022r1-11.2.0/xtensa-esp32s2-elf/bin/../libexec/gcc/xtensa-esp32s2-elf/11.2.0/lto-wrapper] ==> ignore
    arg [-plugin-opt=-fresolution=/var/folders/kw/8rj1bz_90zn1p71kg_nj91h80000gn/T//cci7263c.res] ==> ignore
    arg [-plugin-opt=-pass-through=-lgcc] ==> ignore
    arg [-plugin-opt=-pass-through=-lc] ==> ignore
    arg [-plugin-opt=-pass-through=-lnosys] ==> ignore
    arg [-plugin-opt=-pass-through=-lc] ==> ignore
    arg [-plugin-opt=-pass-through=-lgcc] ==> ignore
    arg [-o] ==> ignore
    arg [cmTC_6e4b8] ==> ignore
    arg [/Users/uiuan/.espressif/tools/xtensa-esp32s2-elf/esp-2022r1-11.2.0/xtensa-esp32s2-elf/bin/../lib/gcc/xtensa-esp32s2-elf/11.2.0/../../../../xtensa-esp32s2-elf/lib/crt0.o] ==> obj [/Users/uiuan/.espressif/tools/xtensa-esp32s2-elf/esp-2022r1-11.2.0/xtensa-esp32s2-elf/bin/../lib/gcc/xtensa-esp32s2-elf/11.2.0/../../../../xtensa-esp32s2-elf/lib/crt0.o]
    arg [/Users/uiuan/.espressif/tools/xtensa-esp32s2-elf/esp-2022r1-11.2.0/xtensa-esp32s2-elf/bin/../lib/gcc/xtensa-esp32s2-elf/11.2.0/crti.o] ==> obj [/Users/uiuan/.espressif/tools/xtensa-esp32s2-elf/esp-2022r1-11.2.0/xtensa-esp32s2-elf/bin/../lib/gcc/xtensa-esp32s2-elf/11.2.0/crti.o]
    arg [/Users/uiuan/.espressif/tools/xtensa-esp32s2-elf/esp-2022r1-11.2.0/xtensa-esp32s2-elf/bin/../lib/gcc/xtensa-esp32s2-elf/11.2.0/crtbegin.o] ==> obj [/Users/uiuan/.espressif/tools/xtensa-esp32s2-elf/esp-2022r1-11.2.0/xtensa-esp32s2-elf/bin/../lib/gcc/xtensa-esp32s2-elf/11.2.0/crtbegin.o]
    arg [-L/Users/uiuan/.espressif/tools/xtensa-esp32s2-elf/esp-2022r1-11.2.0/xtensa-esp32s2-elf/bin/../lib/gcc/xtensa-esp32s2-elf/11.2.0] ==> dir [/Users/uiuan/.espressif/tools/xtensa-esp32s2-elf/esp-2022r1-11.2.0/xtensa-esp32s2-elf/bin/../lib/gcc/xtensa-esp32s2-elf/11.2.0]
    arg [-L/Users/uiuan/.espressif/tools/xtensa-esp32s2-elf/esp-2022r1-11.2.0/xtensa-esp32s2-elf/bin/../lib/gcc] ==> dir [/Users/uiuan/.espressif/tools/xtensa-esp32s2-elf/esp-2022r1-11.2.0/xtensa-esp32s2-elf/bin/../lib/gcc]
    arg [-L/Users/uiuan/.espressif/tools/xtensa-esp32s2-elf/esp-2022r1-11.2.0/xtensa-esp32s2-elf/bin/../lib/gcc/xtensa-esp32s2-elf/11.2.0/../../../../xtensa-esp32s2-elf/lib] ==> dir [/Users/uiuan/.espressif/tools/xtensa-esp32s2-elf/esp-2022r1-11.2.0/xtensa-esp32s2-elf/bin/../lib/gcc/xtensa-esp32s2-elf/11.2.0/../../../../xtensa-esp32s2-elf/lib]
    arg [CMakeFiles/cmTC_6e4b8.dir/CMakeCXXCompilerABI.cpp.obj] ==> ignore
    arg [-lstdc++] ==> lib [stdc++]
    arg [-lm] ==> lib [m]
    arg [-lgcc] ==> lib [gcc]
    arg [-lc] ==> lib [c]
    arg [-lnosys] ==> lib [nosys]
    arg [-lc] ==> lib [c]
    arg [-lgcc] ==> lib [gcc]
    arg [/Users/uiuan/.espressif/tools/xtensa-esp32s2-elf/esp-2022r1-11.2.0/xtensa-esp32s2-elf/bin/../lib/gcc/xtensa-esp32s2-elf/11.2.0/crtend.o] ==> obj [/Users/uiuan/.espressif/tools/xtensa-esp32s2-elf/esp-2022r1-11.2.0/xtensa-esp32s2-elf/bin/../lib/gcc/xtensa-esp32s2-elf/11.2.0/crtend.o]
    arg [/Users/uiuan/.espressif/tools/xtensa-esp32s2-elf/esp-2022r1-11.2.0/xtensa-esp32s2-elf/bin/../lib/gcc/xtensa-esp32s2-elf/11.2.0/crtn.o] ==> obj [/Users/uiuan/.espressif/tools/xtensa-esp32s2-elf/esp-2022r1-11.2.0/xtensa-esp32s2-elf/bin/../lib/gcc/xtensa-esp32s2-elf/11.2.0/crtn.o]
  collapse obj [/Users/uiuan/.espressif/tools/xtensa-esp32s2-elf/esp-2022r1-11.2.0/xtensa-esp32s2-elf/bin/../lib/gcc/xtensa-esp32s2-elf/11.2.0/../../../../xtensa-esp32s2-elf/lib/crt0.o] ==> [/Users/uiuan/.espressif/tools/xtensa-esp32s2-elf/esp-2022r1-11.2.0/xtensa-esp32s2-elf/xtensa-esp32s2-elf/lib/crt0.o]
  collapse obj [/Users/uiuan/.espressif/tools/xtensa-esp32s2-elf/esp-2022r1-11.2.0/xtensa-esp32s2-elf/bin/../lib/gcc/xtensa-esp32s2-elf/11.2.0/crti.o] ==> [/Users/uiuan/.espressif/tools/xtensa-esp32s2-elf/esp-2022r1-11.2.0/xtensa-esp32s2-elf/lib/gcc/xtensa-esp32s2-elf/11.2.0/crti.o]
  collapse obj [/Users/uiuan/.espressif/tools/xtensa-esp32s2-elf/esp-2022r1-11.2.0/xtensa-esp32s2-elf/bin/../lib/gcc/xtensa-esp32s2-elf/11.2.0/crtbegin.o] ==> [/Users/uiuan/.espressif/tools/xtensa-esp32s2-elf/esp-2022r1-11.2.0/xtensa-esp32s2-elf/lib/gcc/xtensa-esp32s2-elf/11.2.0/crtbegin.o]
  collapse obj [/Users/uiuan/.espressif/tools/xtensa-esp32s2-elf/esp-2022r1-11.2.0/xtensa-esp32s2-elf/bin/../lib/gcc/xtensa-esp32s2-elf/11.2.0/crtend.o] ==> [/Users/uiuan/.espressif/tools/xtensa-esp32s2-elf/esp-2022r1-11.2.0/xtensa-esp32s2-elf/lib/gcc/xtensa-esp32s2-elf/11.2.0/crtend.o]
  collapse obj [/Users/uiuan/.espressif/tools/xtensa-esp32s2-elf/esp-2022r1-11.2.0/xtensa-esp32s2-elf/bin/../lib/gcc/xtensa-esp32s2-elf/11.2.0/crtn.o] ==> [/Users/uiuan/.espressif/tools/xtensa-esp32s2-elf/esp-2022r1-11.2.0/xtensa-esp32s2-elf/lib/gcc/xtensa-esp32s2-elf/11.2.0/crtn.o]
  collapse library dir [/Users/uiuan/.espressif/tools/xtensa-esp32s2-elf/esp-2022r1-11.2.0/xtensa-esp32s2-elf/bin/../lib/gcc/xtensa-esp32s2-elf/11.2.0] ==> [/Users/uiuan/.espressif/tools/xtensa-esp32s2-elf/esp-2022r1-11.2.0/xtensa-esp32s2-elf/lib/gcc/xtensa-esp32s2-elf/11.2.0]
  collapse library dir [/Users/uiuan/.espressif/tools/xtensa-esp32s2-elf/esp-2022r1-11.2.0/xtensa-esp32s2-elf/bin/../lib/gcc] ==> [/Users/uiuan/.espressif/tools/xtensa-esp32s2-elf/esp-2022r1-11.2.0/xtensa-esp32s2-elf/lib/gcc]
  collapse library dir [/Users/uiuan/.espressif/tools/xtensa-esp32s2-elf/esp-2022r1-11.2.0/xtensa-esp32s2-elf/bin/../lib/gcc/xtensa-esp32s2-elf/11.2.0/../../../../xtensa-esp32s2-elf/lib] ==> [/Users/uiuan/.espressif/tools/xtensa-esp32s2-elf/esp-2022r1-11.2.0/xtensa-esp32s2-elf/xtensa-esp32s2-elf/lib]
  implicit libs: [stdc++;m;gcc;c;nosys;c;gcc]
  implicit objs: [/Users/uiuan/.espressif/tools/xtensa-esp32s2-elf/esp-2022r1-11.2.0/xtensa-esp32s2-elf/xtensa-esp32s2-elf/lib/crt0.o;/Users/uiuan/.espressif/tools/xtensa-esp32s2-elf/esp-2022r1-11.2.0/xtensa-esp32s2-elf/lib/gcc/xtensa-esp32s2-elf/11.2.0/crti.o;/Users/uiuan/.espressif/tools/xtensa-esp32s2-elf/esp-2022r1-11.2.0/xtensa-esp32s2-elf/lib/gcc/xtensa-esp32s2-elf/11.2.0/crtbegin.o;/Users/uiuan/.espressif/tools/xtensa-esp32s2-elf/esp-2022r1-11.2.0/xtensa-esp32s2-elf/lib/gcc/xtensa-esp32s2-elf/11.2.0/crtend.o;/Users/uiuan/.espressif/tools/xtensa-esp32s2-elf/esp-2022r1-11.2.0/xtensa-esp32s2-elf/lib/gcc/xtensa-esp32s2-elf/11.2.0/crtn.o]
  implicit dirs: [/Users/uiuan/.espressif/tools/xtensa-esp32s2-elf/esp-2022r1-11.2.0/xtensa-esp32s2-elf/lib/gcc/xtensa-esp32s2-elf/11.2.0;/Users/uiuan/.espressif/tools/xtensa-esp32s2-elf/esp-2022r1-11.2.0/xtensa-esp32s2-elf/lib/gcc;/Users/uiuan/.espressif/tools/xtensa-esp32s2-elf/esp-2022r1-11.2.0/xtensa-esp32s2-elf/xtensa-esp32s2-elf/lib]
  implicit fwks: []


Determining if the include file sys/types.h exists passed with the following output:
Change Dir: /Users/uiuan/dev/esp-homekit-sdk/examples/esp32_homekit_lightbulb/build/bootloader/CMakeFiles/CMakeTmp

Run Build Command(s):/Users/uiuan/.espressif/tools/ninja/1.10.2/ninja cmTC_292ef && [1/2] Building C object CMakeFiles/cmTC_292ef.dir/CheckIncludeFile.c.obj
[2/2] Linking C executable cmTC_292ef



Determining if the include file stdint.h exists passed with the following output:
Change Dir: /Users/uiuan/dev/esp-homekit-sdk/examples/esp32_homekit_lightbulb/build/bootloader/CMakeFiles/CMakeTmp

Run Build Command(s):/Users/uiuan/.espressif/tools/ninja/1.10.2/ninja cmTC_b5d1f && [1/2] Building C object CMakeFiles/cmTC_b5d1f.dir/CheckIncludeFile.c.obj
[2/2] Linking C executable cmTC_b5d1f



Determining if the include file stddef.h exists passed with the following output:
Change Dir: /Users/uiuan/dev/esp-homekit-sdk/examples/esp32_homekit_lightbulb/build/bootloader/CMakeFiles/CMakeTmp

Run Build Command(s):/Users/uiuan/.espressif/tools/ninja/1.10.2/ninja cmTC_cf1d5 && [1/2] Building C object CMakeFiles/cmTC_cf1d5.dir/CheckIncludeFile.c.obj
[2/2] Linking C executable cmTC_cf1d5



Determining size of time_t passed with the following output:
Change Dir: /Users/uiuan/dev/esp-homekit-sdk/examples/esp32_homekit_lightbulb/build/bootloader/CMakeFiles/CMakeTmp

Run Build Command(s):/Users/uiuan/.espressif/tools/ninja/1.10.2/ninja cmTC_3b443 && [1/2] Building C object CMakeFiles/cmTC_3b443.dir/TIME_T_SIZE.c.obj
[2/2] Linking C executable cmTC_3b443



